#
# There is insufficient memory for the Java Runtime Environment to continue.
# Native memory allocation (mmap) failed to map 65536 bytes for Failed to commit metaspace.
# Possible reasons:
#   The system is out of physical RAM or swap space
#   The process is running with CompressedOops enabled, and the Java Heap may be blocking the growth of the native heap
# Possible solutions:
#   Reduce memory load on the system
#   Increase physical memory or swap space
#   Check if swap backing store is full
#   Decrease Java heap size (-Xmx/-Xms)
#   Decrease number of Java threads
#   Decrease Java thread stack sizes (-Xss)
#   Set larger code cache with -XX:ReservedCodeCacheSize=
#   JVM is running with Zero Based Compressed Oops mode in which the Java heap is
#     placed in the first 32GB address space. The Java Heap base address is the
#     maximum limit for the native heap growth. Please use -XX:HeapBaseMinAddress
#     to set the Java Heap base and to place the Java Heap above 32GB virtual address.
# This output file may be truncated or incomplete.
#
#  Out of Memory Error (virtualSpaceNode.cpp:112), pid=17048, tid=9620
#
# JRE version: OpenJDK Runtime Environment (21.0+35) (build 21+35-2513)
# Java VM: OpenJDK 64-Bit Server VM (21+35-2513, mixed mode, sharing, tiered, compressed oops, compressed class ptrs, g1 gc, windows-amd64)
# No core dump will be written. Minidumps are not enabled by default on client versions of Windows
#

---------------  S U M M A R Y ------------

Command Line: -Dmaven.multiModuleProjectDirectory=E:\ProjetPLanningExam\ProjetPLanningExam -Djansi.passthrough=true -Dmaven.home=C:\Program Files\JetBrains\IntelliJ IDEA 2023.2.3\plugins\maven\lib\maven3 -Dclassworlds.conf=C:\Program Files\JetBrains\IntelliJ IDEA 2023.2.3\plugins\maven\lib\maven3\bin\m2.conf -Dmaven.ext.class.path=C:\Program Files\JetBrains\IntelliJ IDEA 2023.2.3\plugins\maven\lib\maven-event-listener.jar -javaagent:C:\Program Files\JetBrains\IntelliJ IDEA 2023.2.3\lib\idea_rt.jar=64423:C:\Program Files\JetBrains\IntelliJ IDEA 2023.2.3\bin -Dfile.encoding=UTF-8 -Dsun.stdout.encoding=UTF-8 -Dsun.stderr.encoding=UTF-8 org.codehaus.classworlds.Launcher -Didea.version=2023.2.4 install

Host: Intel(R) Core(TM) i7-7820HQ CPU @ 2.90GHz, 8 cores, 15G,  Windows 11 , 64 bit Build 22621 (10.0.22621.3672)
Time: Thu Jul 18 13:50:20 2024 W. Central Africa Standard Time elapsed time: 5.612711 seconds (0d 0h 0m 5s)

---------------  T H R E A D  ---------------

Current thread (0x0000027ce3c47030):  JavaThread "fork-1-event-thread" daemon [_thread_in_vm, id=9620, stack(0x000000e9c4d00000,0x000000e9c4e00000) (1024K)]

Stack: [0x000000e9c4d00000,0x000000e9c4e00000]
Native frames: (J=compiled Java code, j=interpreted, Vv=VM code, C=native code)
V  [jvm.dll+0x6c8d39]
V  [jvm.dll+0x854091]
V  [jvm.dll+0x85630e]
V  [jvm.dll+0x8569e3]
V  [jvm.dll+0x2809a6]
V  [jvm.dll+0x84fdce]
V  [jvm.dll+0x66c755]
V  [jvm.dll+0x1e666c]
V  [jvm.dll+0x1e643e]
V  [jvm.dll+0x66f06c]
V  [jvm.dll+0x66ee82]
V  [jvm.dll+0x66d12e]
V  [jvm.dll+0x677367]
V  [jvm.dll+0x67a6e6]
V  [jvm.dll+0x7ca803]
V  [jvm.dll+0x5d0c73]
V  [jvm.dll+0x5d2c8a]
V  [jvm.dll+0x5d051e]
V  [jvm.dll+0x5d320f]
V  [jvm.dll+0x5d215c]
V  [jvm.dll+0x3d7110]
V  [jvm.dll+0x3d678d]
C  0x0000027c8f8c9720

The last pc belongs to invokestatic (printed below).
Java frames: (J=compiled Java code, j=interpreted, Vv=VM code)
j  java.lang.invoke.VarHandleGuards.guard_LJJ_Z(Ljava/lang/invoke/VarHandle;Ljava/lang/Object;JJLjava/lang/invoke/VarHandle$AccessDescriptor;)Z+51 java.base@21
j  java.util.concurrent.atomic.Striped64.casBase(JJ)Z+6 java.base@21
j  java.util.concurrent.atomic.LongAdder.add(J)V+21 java.base@21
j  java.util.concurrent.ConcurrentSkipListMap.addCount(J)V+31 java.base@21
j  java.util.concurrent.ConcurrentSkipListMap.doPut(Ljava/lang/Object;Ljava/lang/Object;Z)Ljava/lang/Object;+540 java.base@21
j  java.util.concurrent.ConcurrentSkipListMap.putIfAbsent(Ljava/lang/Object;Ljava/lang/Object;)Ljava/lang/Object;+16 java.base@21
j  java.util.concurrent.ConcurrentSkipListSet.add(Ljava/lang/Object;)Z+8 java.base@21
j  org.apache.maven.plugin.surefire.booterclient.ForkStarter$ForkedNodeArg.logWarningAtEnd(Ljava/lang/String;)V+8
j  org.apache.maven.surefire.api.stream.AbstractStreamDecoder$BufferedStream.printExistingLine()V+268
j  org.apache.maven.surefire.api.stream.AbstractStreamDecoder$BufferedStream.write(Ljava/nio/ByteBuffer;II)V+68
j  org.apache.maven.surefire.stream.EventDecoder.decode(Lorg/apache/maven/surefire/api/stream/AbstractStreamDecoder$Memento;)Lorg/apache/maven/surefire/api/event/Event;+331
j  org.apache.maven.plugin.surefire.extensions.EventConsumerThread.run()V+44
v  ~StubRoutines::call_stub 0x0000027c8f8b100d
invokestatic  184 invokestatic  [0x0000027c8f8c9680, 0x0000027c8f8c9928]  680 bytes
[MachCode]
  0x0000027c8f8c9680: 4883 ec08 | c5fa 1104 | 24eb 1f48 | 83ec 10c5 | fb11 0424 | eb14 4883 | ec10 4889 | 0424 48c7 
  0x0000027c8f8c96a0: 4424 0800 | 0000 00eb | 0150 4c89 | 6dc0 410f | b755 0148 | 8b4d d0c1 | e202 8b5c | d138 c1eb 
  0x0000027c8f8c96c0: 1081 e3ff | 0000 0081 | fbb8 0000 | 000f 84b4 | 0000 00bb | b800 0000 | e805 0000 | 00e9 9900 
  0x0000027c8f8c96e0: 0000 488b | d348 8d44 | 2408 4c89 | 6dc0 498b | cfc5 f877 | 4989 afa8 | 0300 0049 | 8987 9803 
  0x0000027c8f8c9700: 0000 4883 | ec20 40f6 | c40f 0f84 | 1900 0000 | 4883 ec08 | 48b8 2067 | e32b ff7f | 0000 ffd0 
  0x0000027c8f8c9720: 4883 c408 | e90c 0000 | 0048 b820 | 67e3 2bff | 7f00 00ff | d048 83c4 | 2049 c787 | 9803 0000 
  0x0000027c8f8c9740: 0000 0000 | 49c7 87a8 | 0300 0000 | 0000 0049 | c787 a003 | 0000 0000 | 0000 c5f8 | 7749 837f 
  0x0000027c8f8c9760: 0800 0f84 | 0500 0000 | e993 77fe | ff4c 8b6d | c04c 8b75 | c84e 8d74 | f500 c341 | 0fb7 5501 
  0x0000027c8f8c9780: 488b 4dd0 | c1e2 0248 | 8b5c d140 | 488b 5b08 | 488b 5b08 | 488b 5b18 | 80bb 2001 | 0000 050f 
  0x0000027c8f8c97a0: 840d 0000 | 004c 3bbb | 3001 0000 | 0f85 21ff | ffff 488b | 5cd1 408b | 54d1 50c1 | ea1c 49ba 
  0x0000027c8f8c97c0: d07d 6a2c | ff7f 0000 | 498b 14d2 | 5248 8b45 | d848 85c0 | 0f84 1200 | 0000 4883 | 4008 0148 
  0x0000027c8f8c97e0: 8358 0800 | 4883 c010 | 4889 45d8 | 488b 45d8 | 4885 c00f | 8423 0100 | 0080 78f0 | 0a0f 8519 
  0x0000027c8f8c9800: 0100 0048 | 83c0 084c | 8b68 f841 | 83ed 0041 | 83fd 020f | 8cf8 0000 | 004c 8b6b | 0845 0fb7 
  0x0000027c8f8c9820: 6d2e 4c2b | 2841 83ed | 014e 8b6c | ec08 4d85 | ed75 0748 | 8348 0801 | eb4a 458b | 6d08 49ba 
  0x0000027c8f8c9840: 0000 009c | 7c02 0000 | 4d03 ea4c | 3368 0849 | f7c5 fcff | ffff 742c | 41f6 c502 | 7526 4883 
  0x0000027c8f8c9860: 7808 0074 | 1b48 8378 | 0801 7414 | 4c33 6808 | 49f7 c5fc | ffff ff74 | 0b48 8348 | 0802 eb04 
  0x0000027c8f8c9880: 4c89 6808 | 4883 c010 | 4c8b 68e8 | 4183 ed02 | 4183 fd02 | 0f8c 7700 | 0000 4c8b | 6b08 450f 
  0x0000027c8f8c98a0: b76d 2e4c | 2b28 4183 | ed01 4e8b | 6cec 084d | 85ed 7507 | 4883 4808 | 01eb 4a45 | 8b6d 0849 
  0x0000027c8f8c98c0: ba00 0000 | 9c7c 0200 | 004d 03ea | 4c33 6808 | 49f7 c5fc | ffff ff74 | 2c41 f6c5 | 0275 2648 
  0x0000027c8f8c98e0: 8378 0800 | 741b 4883 | 7808 0174 | 144c 3368 | 0849 f7c5 | fcff ffff | 740b 4883 | 4808 02eb 
  0x0000027c8f8c9900: 044c 8968 | 0848 83c0 | 104c 8b68 | d841 83ed | 0441 c1e5 | 0349 03c5 | 4889 45d8 | 4c8d 6c24 
  0x0000027c8f8c9920: 084c 896d | f0ff 6350 
[/MachCode]

---------------  P R O C E S S  ---------------

Threads class SMR info:
_java_thread_list=0x0000027ce19ce2e0, length=20, elements={
0x0000027cfc3ace70, 0x0000027c9b58ac20, 0x0000027c9b58bb40, 0x0000027c9b5900e0,
0x0000027c9b591020, 0x0000027c9b59b0b0, 0x0000027c9b59e460, 0x0000027c9b5a6580,
0x0000027c9b5a6c30, 0x0000027c9b558030, 0x0000027c9b9423f0, 0x0000027c9b942a60,
0x0000027ce33c0ee0, 0x0000027ce326c750, 0x0000027ce3c4a0e0, 0x0000027ce3a72900,
0x0000027ce35bb2a0, 0x0000027ce35bb910, 0x0000027ce2d65770, 0x0000027ce3c47030
}

Java Threads: ( => current thread )
  0x0000027cfc3ace70 JavaThread "main"                              [_thread_in_vm, id=14608, stack(0x000000e9c2b00000,0x000000e9c2c00000) (1024K)]
  0x0000027c9b58ac20 JavaThread "Reference Handler"          daemon [_thread_blocked, id=4392, stack(0x000000e9c3300000,0x000000e9c3400000) (1024K)]
  0x0000027c9b58bb40 JavaThread "Finalizer"                  daemon [_thread_blocked, id=20992, stack(0x000000e9c3400000,0x000000e9c3500000) (1024K)]
  0x0000027c9b5900e0 JavaThread "Signal Dispatcher"          daemon [_thread_blocked, id=22688, stack(0x000000e9c3500000,0x000000e9c3600000) (1024K)]
  0x0000027c9b591020 JavaThread "Attach Listener"            daemon [_thread_blocked, id=5532, stack(0x000000e9c3600000,0x000000e9c3700000) (1024K)]
  0x0000027c9b59b0b0 JavaThread "Service Thread"             daemon [_thread_blocked, id=14392, stack(0x000000e9c3700000,0x000000e9c3800000) (1024K)]
  0x0000027c9b59e460 JavaThread "Monitor Deflation Thread"   daemon [_thread_blocked, id=20796, stack(0x000000e9c3800000,0x000000e9c3900000) (1024K)]
  0x0000027c9b5a6580 JavaThread "C2 CompilerThread0"         daemon [_thread_blocked, id=22012, stack(0x000000e9c3900000,0x000000e9c3a00000) (1024K)]
  0x0000027c9b5a6c30 JavaThread "C1 CompilerThread0"         daemon [_thread_blocked, id=19128, stack(0x000000e9c3a00000,0x000000e9c3b00000) (1024K)]
  0x0000027c9b558030 JavaThread "Common-Cleaner"             daemon [_thread_blocked, id=21580, stack(0x000000e9c3b00000,0x000000e9c3c00000) (1024K)]
  0x0000027c9b9423f0 JavaThread "Monitor Ctrl-Break"         daemon [_thread_in_native, id=22772, stack(0x000000e9c3c00000,0x000000e9c3d00000) (1024K)]
  0x0000027c9b942a60 JavaThread "Notification Thread"        daemon [_thread_blocked, id=22868, stack(0x000000e9c3d00000,0x000000e9c3e00000) (1024K)]
  0x0000027ce33c0ee0 JavaThread "C2 CompilerThread1"         daemon [_thread_blocked, id=800, stack(0x000000e9c3e00000,0x000000e9c3f00000) (1024K)]
  0x0000027ce326c750 JavaThread "C2 CompilerThread2"         daemon [_thread_blocked, id=21304, stack(0x000000e9c3f00000,0x000000e9c4000000) (1024K)]
  0x0000027ce3c4a0e0 JavaThread "timeout-check-timer"        daemon [_thread_blocked, id=5092, stack(0x000000e9c4700000,0x000000e9c4800000) (1024K)]
  0x0000027ce3a72900 JavaThread "ping-timer-10s"             daemon [_thread_blocked, id=2068, stack(0x000000e9c4800000,0x000000e9c4900000) (1024K)]
  0x0000027ce35bb2a0 JavaThread "ThreadedStreamConsumer"     daemon [_thread_blocked, id=12572, stack(0x000000e9c4900000,0x000000e9c4a00000) (1024K)]
  0x0000027ce35bb910 JavaThread "fork-1-err-thread"          daemon [_thread_in_vm, id=12916, stack(0x000000e9c4b00000,0x000000e9c4c00000) (1024K)]
  0x0000027ce2d65770 JavaThread "commands-fork-1"            daemon [_thread_blocked, id=12232, stack(0x000000e9c4c00000,0x000000e9c4d00000) (1024K)]
=>0x0000027ce3c47030 JavaThread "fork-1-event-thread"        daemon [_thread_in_vm, id=9620, stack(0x000000e9c4d00000,0x000000e9c4e00000) (1024K)]
Total: 20

Other Threads:
  0x0000027c9b56c330 VMThread "VM Thread"                           [id=15860, stack(0x000000e9c3200000,0x000000e9c3300000) (1024K)]
  0x0000027c9b557450 WatcherThread "VM Periodic Task Thread"        [id=6620, stack(0x000000e9c3100000,0x000000e9c3200000) (1024K)]
  0x0000027cfc411940 WorkerThread "GC Thread#0"                     [id=12536, stack(0x000000e9c2c00000,0x000000e9c2d00000) (1024K)]
  0x0000027ce1722ee0 WorkerThread "GC Thread#1"                     [id=21644, stack(0x000000e9c4000000,0x000000e9c4100000) (1024K)]
  0x0000027ce1709b10 WorkerThread "GC Thread#2"                     [id=23244, stack(0x000000e9c4100000,0x000000e9c4200000) (1024K)]
  0x0000027ce1709eb0 WorkerThread "GC Thread#3"                     [id=4464, stack(0x000000e9c4200000,0x000000e9c4300000) (1024K)]
  0x0000027ce16b8440 WorkerThread "GC Thread#4"                     [id=21012, stack(0x000000e9c4300000,0x000000e9c4400000) (1024K)]
  0x0000027ce16b8c60 WorkerThread "GC Thread#5"                     [id=5812, stack(0x000000e9c4400000,0x000000e9c4500000) (1024K)]
  0x0000027ce1c1d180 WorkerThread "GC Thread#6"                     [id=196, stack(0x000000e9c4500000,0x000000e9c4600000) (1024K)]
  0x0000027ce1c1d520 WorkerThread "GC Thread#7"                     [id=1188, stack(0x000000e9c4600000,0x000000e9c4700000) (1024K)]
  0x0000027cfc423670 ConcurrentGCThread "G1 Main Marker"            [id=4804, stack(0x000000e9c2d00000,0x000000e9c2e00000) (1024K)]
  0x0000027cfc424320 WorkerThread "G1 Conc#0"                       [id=22464, stack(0x000000e9c2e00000,0x000000e9c2f00000) (1024K)]
  0x0000027ce333c0c0 WorkerThread "G1 Conc#1"                       [id=15508, stack(0x000000e9c4a00000,0x000000e9c4b00000) (1024K)]
  0x0000027cfc46e640 ConcurrentGCThread "G1 Refine#0"               [id=2820, stack(0x000000e9c2f00000,0x000000e9c3000000) (1024K)]
  0x0000027c9b42c7a0 ConcurrentGCThread "G1 Service"                [id=20436, stack(0x000000e9c3000000,0x000000e9c3100000) (1024K)]
Total: 15

Threads with active compile tasks:
Total: 0

VM state: not at safepoint (normal execution)

VM Mutex/Monitor currently owned by a thread:  ([mutex/lock_event])
[0x00007fff2c6964c8] Metaspace_lock - owner thread: 0x0000027ce3c47030

Heap address: 0x0000000702c00000, size: 4052 MB, Compressed Oops mode: Zero based, Oop shift amount: 3

CDS archive(s) mapped at: [0x0000027c9c000000-0x0000027c9cc90000-0x0000027c9cc90000), size 13172736, SharedBaseAddress: 0x0000027c9c000000, ArchiveRelocationMode: 1.
Compressed class space mapped at: 0x0000027c9d000000-0x0000027cdd000000, reserved size: 1073741824
Narrow klass base: 0x0000027c9c000000, Narrow klass shift: 0, Narrow klass range: 0x100000000

GC Precious Log:
 CardTable entry size: 512
 Card Set container configuration: InlinePtr #cards 4 size 8 Array Of Cards #cards 16 size 48 Howl #buckets 8 coarsen threshold 3686 Howl Bitmap #cards 512 size 80 coarsen threshold 460 Card regions per heap region 1 cards per card region 4096
 CPUs: 8 total, 8 available
 Memory: 16204M
 Large Page Support: Disabled
 NUMA Support: Disabled
 Compressed Oops: Enabled (Zero based)
 Heap Region Size: 2M
 Heap Min Capacity: 8M
 Heap Initial Capacity: 254M
 Heap Max Capacity: 4052M
 Pre-touch: Disabled
 Parallel Workers: 8
 Concurrent Workers: 2
 Concurrent Refinement Workers: 8
 Periodic GC: Disabled

Heap:
 garbage-first heap   total 81920K, used 25175K [0x0000000702c00000, 0x0000000800000000)
  region size 2048K, 5 young (10240K), 2 survivors (4096K)
 Metaspace       used 21707K, committed 22016K, reserved 1114112K
  class space    used 2370K, committed 2496K, reserved 1048576K

Heap Regions: E=young(eden), S=young(survivor), O=old, HS=humongous(starts), HC=humongous(continues), CS=collection set, F=free, TAMS=top-at-mark-start, PB=parsable bottom
|   0|0x0000000702c00000, 0x0000000702e00000, 0x0000000702e00000|100%| O|  |TAMS 0x0000000702c00000| PB 0x0000000702c00000| Untracked 
|   1|0x0000000702e00000, 0x0000000703000000, 0x0000000703000000|100%| O|  |TAMS 0x0000000702e00000| PB 0x0000000702e00000| Untracked 
|   2|0x0000000703000000, 0x0000000703200000, 0x0000000703200000|100%| O|  |TAMS 0x0000000703000000| PB 0x0000000703000000| Untracked 
|   3|0x0000000703200000, 0x0000000703400000, 0x0000000703400000|100%| O|  |TAMS 0x0000000703200000| PB 0x0000000703200000| Untracked 
|   4|0x0000000703400000, 0x0000000703600000, 0x0000000703600000|100%| O|  |TAMS 0x0000000703400000| PB 0x0000000703400000| Untracked 
|   5|0x0000000703600000, 0x0000000703800000, 0x0000000703800000|100%| O|  |TAMS 0x0000000703600000| PB 0x0000000703600000| Untracked 
|   6|0x0000000703800000, 0x0000000703a00000, 0x0000000703a00000|100%| O|  |TAMS 0x0000000703800000| PB 0x0000000703800000| Untracked 
|   7|0x0000000703a00000, 0x0000000703c00000, 0x0000000703c00000|100%| O|  |TAMS 0x0000000703a00000| PB 0x0000000703a00000| Untracked 
|   8|0x0000000703c00000, 0x0000000703dddc00, 0x0000000703e00000| 93%| O|  |TAMS 0x0000000703c00000| PB 0x0000000703c00000| Untracked 
|   9|0x0000000703e00000, 0x0000000703e00000, 0x0000000704000000|  0%| F|  |TAMS 0x0000000703e00000| PB 0x0000000703e00000| Untracked 
|  10|0x0000000704000000, 0x0000000704000000, 0x0000000704200000|  0%| F|  |TAMS 0x0000000704000000| PB 0x0000000704000000| Untracked 
|  11|0x0000000704200000, 0x0000000704200000, 0x0000000704400000|  0%| F|  |TAMS 0x0000000704200000| PB 0x0000000704200000| Untracked 
|  12|0x0000000704400000, 0x0000000704400000, 0x0000000704600000|  0%| F|  |TAMS 0x0000000704400000| PB 0x0000000704400000| Untracked 
|  13|0x0000000704600000, 0x0000000704600000, 0x0000000704800000|  0%| F|  |TAMS 0x0000000704600000| PB 0x0000000704600000| Untracked 
|  14|0x0000000704800000, 0x0000000704800000, 0x0000000704a00000|  0%| F|  |TAMS 0x0000000704800000| PB 0x0000000704800000| Untracked 
|  15|0x0000000704a00000, 0x0000000704a00000, 0x0000000704c00000|  0%| F|  |TAMS 0x0000000704a00000| PB 0x0000000704a00000| Untracked 
|  16|0x0000000704c00000, 0x0000000704c00000, 0x0000000704e00000|  0%| F|  |TAMS 0x0000000704c00000| PB 0x0000000704c00000| Untracked 
|  17|0x0000000704e00000, 0x0000000704e00000, 0x0000000705000000|  0%| F|  |TAMS 0x0000000704e00000| PB 0x0000000704e00000| Untracked 
|  18|0x0000000705000000, 0x0000000705000000, 0x0000000705200000|  0%| F|  |TAMS 0x0000000705000000| PB 0x0000000705000000| Untracked 
|  19|0x0000000705200000, 0x0000000705200000, 0x0000000705400000|  0%| F|  |TAMS 0x0000000705200000| PB 0x0000000705200000| Untracked 
|  20|0x0000000705400000, 0x0000000705400000, 0x0000000705600000|  0%| F|  |TAMS 0x0000000705400000| PB 0x0000000705400000| Untracked 
|  21|0x0000000705600000, 0x0000000705600000, 0x0000000705800000|  0%| F|  |TAMS 0x0000000705600000| PB 0x0000000705600000| Untracked 
|  22|0x0000000705800000, 0x0000000705800000, 0x0000000705a00000|  0%| F|  |TAMS 0x0000000705800000| PB 0x0000000705800000| Untracked 
|  23|0x0000000705a00000, 0x0000000705a00000, 0x0000000705c00000|  0%| F|  |TAMS 0x0000000705a00000| PB 0x0000000705a00000| Untracked 
|  24|0x0000000705c00000, 0x0000000705c00000, 0x0000000705e00000|  0%| F|  |TAMS 0x0000000705c00000| PB 0x0000000705c00000| Untracked 
|  25|0x0000000705e00000, 0x0000000705e00000, 0x0000000706000000|  0%| F|  |TAMS 0x0000000705e00000| PB 0x0000000705e00000| Untracked 
|  26|0x0000000706000000, 0x0000000706000000, 0x0000000706200000|  0%| F|  |TAMS 0x0000000706000000| PB 0x0000000706000000| Untracked 
|  27|0x0000000706200000, 0x0000000706200000, 0x0000000706400000|  0%| F|  |TAMS 0x0000000706200000| PB 0x0000000706200000| Untracked 
|  28|0x0000000706400000, 0x0000000706400000, 0x0000000706600000|  0%| F|  |TAMS 0x0000000706400000| PB 0x0000000706400000| Untracked 
|  29|0x0000000706600000, 0x0000000706600000, 0x0000000706800000|  0%| F|  |TAMS 0x0000000706600000| PB 0x0000000706600000| Untracked 
|  30|0x0000000706800000, 0x0000000706800000, 0x0000000706a00000|  0%| F|  |TAMS 0x0000000706800000| PB 0x0000000706800000| Untracked 
|  31|0x0000000706a00000, 0x0000000706a00000, 0x0000000706c00000|  0%| F|  |TAMS 0x0000000706a00000| PB 0x0000000706a00000| Untracked 
|  32|0x0000000706c00000, 0x0000000706c00000, 0x0000000706e00000|  0%| F|  |TAMS 0x0000000706c00000| PB 0x0000000706c00000| Untracked 
|  33|0x0000000706e00000, 0x0000000706e00000, 0x0000000707000000|  0%| F|  |TAMS 0x0000000706e00000| PB 0x0000000706e00000| Untracked 
|  34|0x0000000707000000, 0x0000000707000000, 0x0000000707200000|  0%| F|  |TAMS 0x0000000707000000| PB 0x0000000707000000| Untracked 
|  35|0x0000000707200000, 0x0000000707200800, 0x0000000707400000|  0%| E|  |TAMS 0x0000000707200000| PB 0x0000000707200000| Complete 
|  36|0x0000000707400000, 0x0000000707600000, 0x0000000707600000|100%| E|CS|TAMS 0x0000000707400000| PB 0x0000000707400000| Complete 
| 107|0x0000000710200000, 0x00000007102b80a0, 0x0000000710400000| 35%| S|CS|TAMS 0x0000000710200000| PB 0x0000000710200000| Complete 
| 108|0x0000000710400000, 0x0000000710600000, 0x0000000710600000|100%| S|CS|TAMS 0x0000000710400000| PB 0x0000000710400000| Complete 
| 126|0x0000000712800000, 0x0000000712a00000, 0x0000000712a00000|100%| E|CS|TAMS 0x0000000712800000| PB 0x0000000712800000| Complete 

Card table byte_map: [0x0000027cfcfa0000,0x0000027cfd790000] _byte_map_base: 0x0000027cf978a000

Marking Bits: (CMBitMap*) 0x0000027cfc412040
 Bits: [0x0000027c97380000, 0x0000027c9b2d0000)

Polling page: 0x0000027cfa3a0000

Metaspace:

Usage:
  Non-class:     18.88 MB used.
      Class:      2.32 MB used.
       Both:     21.20 MB used.

Virtual space:
  Non-class space:       64.00 MB reserved,      19.06 MB ( 30%) committed,  1 nodes.
      Class space:        1.00 GB reserved,       2.44 MB ( <1%) committed,  1 nodes.
             Both:        1.06 GB reserved,      21.50 MB (  2%) committed. 

Chunk freelists:
   Non-Class:  12.47 MB
       Class:  13.39 MB
        Both:  25.86 MB

MaxMetaspaceSize: unlimited
CompressedClassSpaceSize: 1.00 GB
Initial GC threshold: 21.00 MB
Current GC threshold: 35.25 MB
CDS: on
 - commit_granule_bytes: 65536.
 - commit_granule_words: 8192.
 - virtual_space_node_default_size: 8388608.
 - enlarge_chunks_in_place: 1.
 - use_allocation_guard: 0.


Internal statistics:

num_allocs_failed_limit: 3.
num_arena_births: 220.
num_arena_deaths: 0.
num_vsnodes_births: 2.
num_vsnodes_deaths: 0.
num_space_committed: 344.
num_space_uncommitted: 0.
num_chunks_returned_to_freelist: 3.
num_chunks_taken_from_freelist: 947.
num_chunk_merges: 0.
num_chunk_splits: 672.
num_chunks_enlarged: 533.
num_inconsistent_stats: 0.

CodeHeap 'non-profiled nmethods': size=120000Kb used=3273Kb max_used=3273Kb free=116726Kb
 bounds [0x0000027c8fe50000, 0x0000027c90190000, 0x0000027c97380000]
CodeHeap 'profiled nmethods': size=120000Kb used=11667Kb max_used=11667Kb free=108332Kb
 bounds [0x0000027c88380000, 0x0000027c88ef0000, 0x0000027c8f8b0000]
CodeHeap 'non-nmethods': size=5760Kb used=1472Kb max_used=1544Kb free=4287Kb
 bounds [0x0000027c8f8b0000, 0x0000027c8fb20000, 0x0000027c8fe50000]
 total_blobs=5981 nmethods=5427 adapters=458
 compilation: enabled
              stopped_count=0, restarted_count=0
 full_count=0

Compilation events (20 events):
Event: 5.609 Thread 0x0000027c9b5a6580 5417       4       java.nio.CharBuffer::position (6 bytes)
Event: 5.609 Thread 0x0000027c9b5a6c30 nmethod 5413 0x0000027c88ee2710 code [0x0000027c88ee28c0, 0x0000027c88ee2b60]
Event: 5.609 Thread 0x0000027c9b5a6c30 5416       3       java.util.regex.Pattern$$Lambda/0x0000027c9d0631f8::is (5 bytes)
Event: 5.609 Thread 0x0000027c9b5a6c30 nmethod 5416 0x0000027c88ee2c90 code [0x0000027c88ee2e40, 0x0000027c88ee30c0]
Event: 5.609 Thread 0x0000027c9b5a6c30 5419       3       java.nio.HeapCharBuffer::ix (7 bytes)
Event: 5.609 Thread 0x0000027c9b5a6c30 nmethod 5419 0x0000027c88ee3190 code [0x0000027c88ee3320, 0x0000027c88ee3430]
Event: 5.609 Thread 0x0000027ce33c0ee0 nmethod 5415 0x0000027c9017dc10 code [0x0000027c9017dda0, 0x0000027c9017de58]
Event: 5.609 Thread 0x0000027c9b5a6c30 5424       3       java.util.regex.Pattern$Slice::match (79 bytes)
Event: 5.609 Thread 0x0000027ce33c0ee0 5422       4       java.util.regex.Pattern$Branch::match (66 bytes)
Event: 5.610 Thread 0x0000027c9b5a6c30 nmethod 5424 0x0000027c88ee3490 code [0x0000027c88ee3680, 0x0000027c88ee3b30]
Event: 5.610 Thread 0x0000027c9b5a6c30 5414       3       java.nio.Buffer::checkIndex (16 bytes)
Event: 5.610 Thread 0x0000027c9b5a6580 nmethod 5417 0x0000027c9017df10 code [0x0000027c9017e0a0, 0x0000027c9017e1a0]
Event: 5.610 Thread 0x0000027c9b5a6c30 nmethod 5414 0x0000027c88ee3d10 code [0x0000027c88ee3ec0, 0x0000027c88ee4028]
Event: 5.610 Thread 0x0000027c9b5a6580 5423       4       java.util.regex.Pattern$CharPropertyGreedy::match (160 bytes)
Event: 5.610 Thread 0x0000027c9b5a6c30 5418       3       java.nio.HeapCharBuffer::get (15 bytes)
Event: 5.610 Thread 0x0000027c9b5a6c30 nmethod 5418 0x0000027c88ee4110 code [0x0000027c88ee42c0, 0x0000027c88ee4518]
Event: 5.610 Thread 0x0000027c9b5a6c30 5426       2       java.lang.Character::isLowSurrogate (18 bytes)
Event: 5.610 Thread 0x0000027c9b5a6c30 nmethod 5426 0x0000027c88ee4690 code [0x0000027c88ee4820, 0x0000027c88ee4938]
Event: 5.610 Thread 0x0000027c9b5a6c30 5427       3       sun.invoke.util.Wrapper::isSingleWord (15 bytes)
Event: 5.611 Thread 0x0000027c9b5a6c30 nmethod 5427 0x0000027c88ee4a10 code [0x0000027c88ee4ba0, 0x0000027c88ee4d10]

GC Heap History (8 events):
Event: 0.790 GC heap before
{Heap before GC invocations=0 (full 0):
 garbage-first heap   total 260096K, used 22528K [0x0000000702c00000, 0x0000000800000000)
  region size 2048K, 11 young (22528K), 0 survivors (0K)
 Metaspace       used 6083K, committed 6272K, reserved 1114112K
  class space    used 694K, committed 768K, reserved 1048576K
}
Event: 0.794 GC heap after
{Heap after GC invocations=1 (full 0):
 garbage-first heap   total 260096K, used 4117K [0x0000000702c00000, 0x0000000800000000)
  region size 2048K, 2 young (4096K), 2 survivors (4096K)
 Metaspace       used 6083K, committed 6272K, reserved 1114112K
  class space    used 694K, committed 768K, reserved 1048576K
}
Event: 1.440 GC heap before
{Heap before GC invocations=1 (full 0):
 garbage-first heap   total 260096K, used 36885K [0x0000000702c00000, 0x0000000800000000)
  region size 2048K, 18 young (36864K), 2 survivors (4096K)
 Metaspace       used 10593K, committed 10816K, reserved 1114112K
  class space    used 1250K, committed 1344K, reserved 1048576K
}
Event: 1.445 GC heap after
{Heap after GC invocations=2 (full 0):
 garbage-first heap   total 260096K, used 6285K [0x0000000702c00000, 0x0000000800000000)
  region size 2048K, 2 young (4096K), 2 survivors (4096K)
 Metaspace       used 10593K, committed 10816K, reserved 1114112K
  class space    used 1250K, committed 1344K, reserved 1048576K
}
Event: 4.244 GC heap before
{Heap before GC invocations=2 (full 0):
 garbage-first heap   total 260096K, used 190605K [0x0000000702c00000, 0x0000000800000000)
  region size 2048K, 76 young (155648K), 2 survivors (4096K)
 Metaspace       used 18790K, committed 19072K, reserved 1114112K
  class space    used 2071K, committed 2176K, reserved 1048576K
}
Event: 4.256 GC heap after
{Heap after GC invocations=3 (full 0):
 garbage-first heap   total 260096K, used 18386K [0x0000000702c00000, 0x0000000800000000)
  region size 2048K, 8 young (16384K), 8 survivors (16384K)
 Metaspace       used 18790K, committed 19072K, reserved 1114112K
  class space    used 2071K, committed 2176K, reserved 1048576K
}
Event: 5.427 GC heap before
{Heap before GC invocations=3 (full 0):
 garbage-first heap   total 260096K, used 53202K [0x0000000702c00000, 0x0000000800000000)
  region size 2048K, 26 young (53248K), 8 survivors (16384K)
 Metaspace       used 21213K, committed 21504K, reserved 1114112K
  class space    used 2307K, committed 2432K, reserved 1048576K
}
Event: 5.438 GC heap after
{Heap after GC invocations=4 (full 0):
 garbage-first heap   total 260096K, used 21079K [0x0000000702c00000, 0x0000000800000000)
  region size 2048K, 2 young (4096K), 2 survivors (4096K)
 Metaspace       used 21213K, committed 21504K, reserved 1114112K
  class space    used 2307K, committed 2432K, reserved 1048576K
}

Dll operation events (12 events):
Event: 0.012 Loaded shared library C:\Users\dell\.jdks\openjdk-21\bin\java.dll
Event: 0.049 Loaded shared library C:\Users\dell\.jdks\openjdk-21\bin\jsvml.dll
Event: 0.099 Loaded shared library C:\Users\dell\.jdks\openjdk-21\bin\zip.dll
Event: 0.103 Loaded shared library C:\Users\dell\.jdks\openjdk-21\bin\instrument.dll
Event: 0.111 Loaded shared library C:\Users\dell\.jdks\openjdk-21\bin\net.dll
Event: 0.114 Loaded shared library C:\Users\dell\.jdks\openjdk-21\bin\nio.dll
Event: 0.122 Loaded shared library C:\Users\dell\.jdks\openjdk-21\bin\zip.dll
Event: 0.139 Loaded shared library C:\Program Files\JetBrains\IntelliJ IDEA 2023.2.3\bin\breakgen64.dll
Event: 0.150 Loaded shared library C:\Users\dell\.jdks\openjdk-21\bin\extnet.dll
Event: 0.299 Loaded shared library C:\Users\dell\.jdks\openjdk-21\bin\jimage.dll
Event: 0.347 Loaded shared library C:\Users\dell\AppData\Local\Temp\jansi-2.4.0-e6fe20e68b1b264f-jansi.dll
Event: 0.357 Loaded shared library C:\Users\dell\.jdks\openjdk-21\bin\verify.dll

Deoptimization events (20 events):
Event: 5.608 Thread 0x0000027ce35bb910 Uncommon trap: trap_request=0xffffffc6 fr.pc=0x0000027c90165ed4 relative=0x0000000000000474
Event: 5.608 Thread 0x0000027ce35bb910 Uncommon trap: reason=bimorphic_or_optimized_type_check action=maybe_recompile pc=0x0000027c90165ed4 method=java.util.regex.Pattern$Slice.match(Ljava/util/regex/Matcher;ILjava/lang/CharSequence;)Z @ 49 c2
Event: 5.608 Thread 0x0000027ce35bb910 DEOPT PACKING pc=0x0000027c90165ed4 sp=0x000000e9c4bfebc0
Event: 5.608 Thread 0x0000027ce35bb910 DEOPT UNPACKING pc=0x0000027c8f9046a2 sp=0x000000e9c4bfeb68 mode 2
Event: 5.608 Thread 0x0000027ce35bb910 Uncommon trap: trap_request=0xffffffc6 fr.pc=0x0000027c8ffd47c4 relative=0x00000000000002e4
Event: 5.608 Thread 0x0000027ce35bb910 Uncommon trap: reason=bimorphic_or_optimized_type_check action=maybe_recompile pc=0x0000027c8ffd47c4 method=java.util.regex.Pattern$BmpCharProperty.match(Ljava/util/regex/Matcher;ILjava/lang/CharSequence;)Z @ 14 c2
Event: 5.608 Thread 0x0000027ce35bb910 DEOPT PACKING pc=0x0000027c8ffd47c4 sp=0x000000e9c4bfebd0
Event: 5.608 Thread 0x0000027ce35bb910 DEOPT UNPACKING pc=0x0000027c8f9046a2 sp=0x000000e9c4bfeb80 mode 2
Event: 5.608 Thread 0x0000027ce35bb910 Uncommon trap: trap_request=0xffffffc6 fr.pc=0x0000027c8ffda524 relative=0x00000000000001c4
Event: 5.608 Thread 0x0000027ce35bb910 Uncommon trap: reason=bimorphic_or_optimized_type_check action=maybe_recompile pc=0x0000027c8ffda524 method=java.lang.Character.codePointBefore(Ljava/lang/CharSequence;I)I @ 5 c2
Event: 5.608 Thread 0x0000027ce35bb910 DEOPT PACKING pc=0x0000027c8ffda524 sp=0x000000e9c4bfecd0
Event: 5.608 Thread 0x0000027ce35bb910 DEOPT UNPACKING pc=0x0000027c8f9046a2 sp=0x000000e9c4bfec68 mode 2
Event: 5.608 Thread 0x0000027ce35bb910 Uncommon trap: trap_request=0xffffffc6 fr.pc=0x0000027c8ffd47c4 relative=0x00000000000002e4
Event: 5.608 Thread 0x0000027ce35bb910 Uncommon trap: reason=bimorphic_or_optimized_type_check action=maybe_recompile pc=0x0000027c8ffd47c4 method=java.util.regex.Pattern$BmpCharProperty.match(Ljava/util/regex/Matcher;ILjava/lang/CharSequence;)Z @ 14 c2
Event: 5.608 Thread 0x0000027ce35bb910 DEOPT PACKING pc=0x0000027c8ffd47c4 sp=0x000000e9c4bfebd0
Event: 5.608 Thread 0x0000027ce35bb910 DEOPT UNPACKING pc=0x0000027c8f9046a2 sp=0x000000e9c4bfeb80 mode 2
Event: 5.608 Thread 0x0000027ce35bb910 Uncommon trap: trap_request=0xffffffc6 fr.pc=0x0000027c8ffda524 relative=0x00000000000001c4
Event: 5.608 Thread 0x0000027ce35bb910 Uncommon trap: reason=bimorphic_or_optimized_type_check action=maybe_recompile pc=0x0000027c8ffda524 method=java.lang.Character.codePointBefore(Ljava/lang/CharSequence;I)I @ 5 c2
Event: 5.608 Thread 0x0000027ce35bb910 DEOPT PACKING pc=0x0000027c8ffda524 sp=0x000000e9c4bfecd0
Event: 5.608 Thread 0x0000027ce35bb910 DEOPT UNPACKING pc=0x0000027c8f9046a2 sp=0x000000e9c4bfec68 mode 2

Classes loaded (20 events):
Event: 5.466 Loading class sun/util/logging/internal/LoggingProviderImpl$JULWrapper
Event: 5.466 Loading class sun/util/logging/PlatformLogger$ConfigurableBridge$LoggerConfiguration
Event: 5.466 Loading class sun/util/logging/PlatformLogger$ConfigurableBridge$LoggerConfiguration done
Event: 5.466 Loading class sun/util/logging/internal/LoggingProviderImpl$JULWrapper done
Event: 5.466 Loading class java/lang/System$Logger$Level
Event: 5.466 Loading class java/lang/System$Logger$Level done
Event: 5.467 Loading class java/nio/channels/ClosedChannelException
Event: 5.467 Loading class java/nio/channels/ClosedChannelException done
Event: 5.469 Loading class java/nio/channels/NonReadableChannelException
Event: 5.469 Loading class java/nio/channels/NonReadableChannelException done
Event: 5.470 Loading class java/nio/channels/NonWritableChannelException
Event: 5.470 Loading class java/nio/channels/NonWritableChannelException done
Event: 5.485 Loading class java/util/Scanner
Event: 5.487 Loading class java/util/Scanner done
Event: 5.489 Loading class java/util/Scanner$PatternLRUCache
Event: 5.489 Loading class java/util/Scanner$PatternLRUCache done
Event: 5.607 Loading class java/util/regex/Matcher$ImmutableMatchResult
Event: 5.608 Loading class java/util/regex/Matcher$ImmutableMatchResult done
Event: 5.610 Loading class java/util/concurrent/atomic/Striped64$1
Event: 5.610 Loading class java/util/concurrent/atomic/Striped64$1 done

Classes unloaded (0 events):
No events

Classes redefined (0 events):
No events

Internal exceptions (20 events):
Event: 2.106 Thread 0x0000027cfc3ace70 Exception <a 'java/lang/NoSuchMethodError'{0x000000071103ce80}: 'void java.lang.invoke.DelegatingMethodHandle$Holder.reinvoke_L(java.lang.Object, java.lang.Object, int)'> (0x000000071103ce80) 
thrown [s\open\src\hotspot\share\interpreter\linkResolver.cpp, line 773]
Event: 3.450 Thread 0x0000027cfc3ace70 Implicit null exception at 0x0000027c90048820 to 0x0000027c90048a10
Event: 3.450 Thread 0x0000027cfc3ace70 Implicit null exception at 0x0000027c90030b20 to 0x0000027c90030d18
Event: 3.450 Thread 0x0000027cfc3ace70 Implicit null exception at 0x0000027c8ff06e40 to 0x0000027c8ff06ec5
Event: 3.523 Thread 0x0000027cfc3ace70 Exception <a 'java/lang/NoSuchMethodError'{0x000000070b589e00}: 'java.lang.Object java.lang.invoke.DirectMethodHandle$Holder.newInvokeSpecial(java.lang.Object, java.lang.Object, java.lang.Object, java.lang.Object, java.lang.Object, java.lang.Object, java.lang.Object)'> (0x000000070b589e00) 
thrown [s\open\src\hotspot\share\interpreter\linkResolver.cpp, line 773]
Event: 3.688 Thread 0x0000027cfc3ace70 Implicit null exception at 0x0000027c900475a0 to 0x0000027c90047db4
Event: 3.712 Thread 0x0000027cfc3ace70 Exception <a 'java/lang/NoSuchMethodError'{0x000000070ab16b68}: 'java.lang.Object java.lang.invoke.DirectMethodHandle$Holder.invokeVirtual(java.lang.Object, java.lang.Object, java.lang.Object)'> (0x000000070ab16b68) 
thrown [s\open\src\hotspot\share\interpreter\linkResolver.cpp, line 773]
Event: 3.713 Thread 0x0000027cfc3ace70 Exception <a 'java/lang/NoSuchMethodError'{0x000000070ab1d3e0}: 'void java.lang.invoke.DirectMethodHandle$Holder.invokeSpecial(java.lang.Object, java.lang.Object, java.lang.Object, java.lang.Object, java.lang.Object, java.lang.Object)'> (0x000000070ab1d3e0) 
thrown [s\open\src\hotspot\share\interpreter\linkResolver.cpp, line 773]
Event: 3.715 Thread 0x0000027cfc3ace70 Exception <a 'java/lang/NoSuchMethodError'{0x000000070ab27640}: 'int java.lang.invoke.DirectMethodHandle$Holder.invokeVirtual(java.lang.Object, java.lang.Object)'> (0x000000070ab27640) 
thrown [s\open\src\hotspot\share\interpreter\linkResolver.cpp, line 773]
Event: 3.741 Thread 0x0000027cfc3ace70 Exception <a 'java/lang/NoSuchMethodError'{0x000000070abef400}: 'void java.lang.invoke.Invokers$Holder.invokeExact_MT(java.lang.Object, java.lang.Object, int, java.lang.Object)'> (0x000000070abef400) 
thrown [s\open\src\hotspot\share\interpreter\linkResolver.cpp, line 773]
Event: 4.257 Thread 0x0000027cfc3ace70 Implicit null exception at 0x0000027c900b9cc6 to 0x0000027c900bb1f8
Event: 5.130 Thread 0x0000027ce1275000 Exception <a 'java/lang/NoSuchMethodError'{0x00000007116350e8}: 'java.lang.Object java.lang.invoke.DirectMethodHandle$Holder.invokeStatic(java.lang.Object, long, java.lang.Object)'> (0x00000007116350e8) 
thrown [s\open\src\hotspot\share\interpreter\linkResolver.cpp, line 773]
Event: 5.131 Thread 0x0000027ce1275000 Exception <a 'java/lang/NoSuchMethodError'{0x00000007116385c0}: 'java.lang.Object java.lang.invoke.DirectMethodHandle$Holder.invokeStaticInit(java.lang.Object, long, java.lang.Object)'> (0x00000007116385c0) 
thrown [s\open\src\hotspot\share\interpreter\linkResolver.cpp, line 773]
Event: 5.131 Thread 0x0000027ce1275000 Exception <a 'java/lang/NoSuchMethodError'{0x000000071163d9b8}: 'java.lang.Object java.lang.invoke.DirectMethodHandle$Holder.newInvokeSpecial(java.lang.Object, long)'> (0x000000071163d9b8) 
thrown [s\open\src\hotspot\share\interpreter\linkResolver.cpp, line 773]
Event: 5.132 Thread 0x0000027ce1275000 Exception <a 'java/lang/NoSuchMethodError'{0x0000000711641df8}: 'long java.lang.invoke.DirectMethodHandle$Holder.invokeInterface(java.lang.Object, java.lang.Object)'> (0x0000000711641df8) 
thrown [s\open\src\hotspot\share\interpreter\linkResolver.cpp, line 773]
Event: 5.133 Thread 0x0000027ce1275000 Exception <a 'java/lang/NoSuchMethodError'{0x00000007116452b0}: 'long java.lang.invoke.DelegatingMethodHandle$Holder.reinvoke_L(java.lang.Object, java.lang.Object)'> (0x00000007116452b0) 
thrown [s\open\src\hotspot\share\interpreter\linkResolver.cpp, line 773]
Event: 5.152 Thread 0x0000027cfc3ace70 Exception <a 'java/lang/NoSuchMethodError'{0x000000071125e8c0}: 'int java.lang.invoke.DirectMethodHandle$Holder.invokeInterface(java.lang.Object, java.lang.Object)'> (0x000000071125e8c0) 
thrown [s\open\src\hotspot\share\interpreter\linkResolver.cpp, line 773]
Event: 5.177 Thread 0x0000027cfc3ace70 Exception <a 'java/lang/NoSuchMethodError'{0x0000000711343b80}: 'java.lang.Object java.lang.invoke.DirectMethodHandle$Holder.invokeStaticInit(java.lang.Object, java.lang.Object, int, int, int, int)'> (0x0000000711343b80) 
thrown [s\open\src\hotspot\share\interpreter\linkResolver.cpp, line 773]
Event: 5.319 Thread 0x0000027cfc3ace70 Implicit null exception at 0x0000027c9000900d to 0x0000027c90009892
Event: 5.460 Thread 0x0000027cfc3ace70 Exception <a 'java/lang/NoSuchMethodError'{0x00000007128cd100}: 'void java.lang.invoke.DirectMethodHandle$Holder.invokeStatic(java.lang.Object, long)'> (0x00000007128cd100) 
thrown [s\open\src\hotspot\share\interpreter\linkResolver.cpp, line 773]

ZGC Phase Switch (0 events):
No events

VM Operations (20 events):
Event: 5.138 Executing VM operation: HandshakeAllThreads (Deoptimize)
Event: 5.138 Executing VM operation: HandshakeAllThreads (Deoptimize) done
Event: 5.165 Executing VM operation: HandshakeAllThreads (Deoptimize)
Event: 5.165 Executing VM operation: HandshakeAllThreads (Deoptimize) done
Event: 5.350 Executing VM operation: HandshakeAllThreads (Deoptimize)
Event: 5.350 Executing VM operation: HandshakeAllThreads (Deoptimize) done
Event: 5.350 Executing VM operation: Cleanup
Event: 5.350 Executing VM operation: Cleanup done
Event: 5.368 Executing VM operation: HandshakeAllThreads (Deoptimize)
Event: 5.368 Executing VM operation: HandshakeAllThreads (Deoptimize) done
Event: 5.369 Executing VM operation: HandshakeAllThreads (Deoptimize)
Event: 5.369 Executing VM operation: HandshakeAllThreads (Deoptimize) done
Event: 5.427 Executing VM operation: CollectForMetadataAllocation (Metadata GC Threshold)
Event: 5.438 Executing VM operation: CollectForMetadataAllocation (Metadata GC Threshold) done
Event: 5.450 Executing VM operation: G1PauseRemark
Event: 5.454 Executing VM operation: G1PauseRemark done
Event: 5.457 Executing VM operation: G1PauseCleanup
Event: 5.464 Executing VM operation: G1PauseCleanup done
Event: 5.464 Executing VM operation: HandshakeAllThreads (Deoptimize)
Event: 5.464 Executing VM operation: HandshakeAllThreads (Deoptimize) done

Events (20 events):
Event: 0.047 Thread 0x0000027c9b59e460 Thread added: 0x0000027c9b59e460
Event: 0.048 Thread 0x0000027c9b5a6580 Thread added: 0x0000027c9b5a6580
Event: 0.048 Thread 0x0000027c9b5a6c30 Thread added: 0x0000027c9b5a6c30
Event: 0.072 Thread 0x0000027c9b558030 Thread added: 0x0000027c9b558030
Event: 0.139 Thread 0x0000027c9b9423f0 Thread added: 0x0000027c9b9423f0
Event: 0.139 Thread 0x0000027c9b942a60 Thread added: 0x0000027c9b942a60
Event: 0.518 Thread 0x0000027ce1275000 Thread added: 0x0000027ce1275000
Event: 0.774 Thread 0x0000027ce1946860 Thread added: 0x0000027ce1946860
Event: 5.017 Thread 0x0000027ce1946860 Thread exited: 0x0000027ce1946860
Event: 5.037 Thread 0x0000027ce1275000 Thread exited: 0x0000027ce1275000
Event: 5.112 Thread 0x0000027ce1275000 Thread added: 0x0000027ce1275000
Event: 5.135 Thread 0x0000027ce1275000 Thread exited: 0x0000027ce1275000
Event: 5.167 Thread 0x0000027ce33c0ee0 Thread added: 0x0000027ce33c0ee0
Event: 5.175 Thread 0x0000027ce326c750 Thread added: 0x0000027ce326c750
Event: 5.288 Thread 0x0000027ce3c4a0e0 Thread added: 0x0000027ce3c4a0e0
Event: 5.295 Thread 0x0000027ce3a72900 Thread added: 0x0000027ce3a72900
Event: 5.426 Thread 0x0000027ce35bb2a0 Thread added: 0x0000027ce35bb2a0
Event: 5.485 Thread 0x0000027ce35bb910 Thread added: 0x0000027ce35bb910
Event: 5.485 Thread 0x0000027ce2d65770 Thread added: 0x0000027ce2d65770
Event: 5.495 Thread 0x0000027ce3c47030 Thread added: 0x0000027ce3c47030


Dynamic libraries:
0x00007ff696290000 - 0x00007ff69629e000 	C:\Users\dell\.jdks\openjdk-21\bin\java.exe
0x00007fff85c50000 - 0x00007fff85e67000 	C:\WINDOWS\SYSTEM32\ntdll.dll
0x00007fff85160000 - 0x00007fff85224000 	C:\WINDOWS\System32\KERNEL32.DLL
0x00007fff83210000 - 0x00007fff835bd000 	C:\WINDOWS\System32\KERNELBASE.dll
0x00007fff83680000 - 0x00007fff83791000 	C:\WINDOWS\System32\ucrtbase.dll
0x00007fff5fb50000 - 0x00007fff5fb6b000 	C:\Users\dell\.jdks\openjdk-21\bin\VCRUNTIME140.dll
0x00007fff5fb70000 - 0x00007fff5fb88000 	C:\Users\dell\.jdks\openjdk-21\bin\jli.dll
0x00007fff84380000 - 0x00007fff8452e000 	C:\WINDOWS\System32\USER32.dll
0x00007fff6acd0000 - 0x00007fff6af63000 	C:\WINDOWS\WinSxS\amd64_microsoft.windows.common-controls_6595b64144ccf1df_6.0.22621.3672_none_2713b9d173822955\COMCTL32.dll
0x00007fff831b0000 - 0x00007fff831d6000 	C:\WINDOWS\System32\win32u.dll
0x00007fff84da0000 - 0x00007fff84e47000 	C:\WINDOWS\System32\msvcrt.dll
0x00007fff83c30000 - 0x00007fff83c59000 	C:\WINDOWS\System32\GDI32.dll
0x00007fff837a0000 - 0x00007fff838b9000 	C:\WINDOWS\System32\gdi32full.dll
0x00007fff838c0000 - 0x00007fff8395a000 	C:\WINDOWS\System32\msvcp_win.dll
0x00007fff859a0000 - 0x00007fff859d1000 	C:\WINDOWS\System32\IMM32.DLL
0x00007fff6dbc0000 - 0x00007fff6dbcc000 	C:\Users\dell\.jdks\openjdk-21\bin\vcruntime140_1.dll
0x00007fff5fac0000 - 0x00007fff5fb4e000 	C:\Users\dell\.jdks\openjdk-21\bin\msvcp140.dll
0x00007fff2ba60000 - 0x00007fff2c773000 	C:\Users\dell\.jdks\openjdk-21\bin\server\jvm.dll
0x00007fff83c60000 - 0x00007fff83d12000 	C:\WINDOWS\System32\ADVAPI32.dll
0x00007fff85780000 - 0x00007fff85829000 	C:\WINDOWS\System32\sechost.dll
0x00007fff831e0000 - 0x00007fff83208000 	C:\WINDOWS\System32\bcrypt.dll
0x00007fff83d80000 - 0x00007fff83e94000 	C:\WINDOWS\System32\RPCRT4.dll
0x00007fff84ea0000 - 0x00007fff84f11000 	C:\WINDOWS\System32\WS2_32.dll
0x00007fff81da0000 - 0x00007fff81ded000 	C:\WINDOWS\SYSTEM32\POWRPROF.dll
0x00007fff780b0000 - 0x00007fff780e4000 	C:\WINDOWS\SYSTEM32\WINMM.dll
0x00007fff786e0000 - 0x00007fff786ea000 	C:\WINDOWS\SYSTEM32\VERSION.dll
0x00007fff81d80000 - 0x00007fff81d93000 	C:\WINDOWS\SYSTEM32\UMPDC.dll
0x00007fff82030000 - 0x00007fff82048000 	C:\WINDOWS\SYSTEM32\kernel.appcore.dll
0x00007fff6d7a0000 - 0x00007fff6d7aa000 	C:\Users\dell\.jdks\openjdk-21\bin\jimage.dll
0x00007fff80730000 - 0x00007fff80962000 	C:\WINDOWS\SYSTEM32\DBGHELP.DLL
0x00007fff85230000 - 0x00007fff855b8000 	C:\WINDOWS\System32\combase.dll
0x00007fff83960000 - 0x00007fff83a37000 	C:\WINDOWS\System32\OLEAUT32.dll
0x00007fff6dbe0000 - 0x00007fff6dc12000 	C:\WINDOWS\SYSTEM32\dbgcore.DLL
0x00007fff830c0000 - 0x00007fff8313b000 	C:\WINDOWS\System32\bcryptPrimitives.dll
0x00007fff56470000 - 0x00007fff5647f000 	C:\Users\dell\.jdks\openjdk-21\bin\instrument.dll
0x00007fff5faa0000 - 0x00007fff5fabf000 	C:\Users\dell\.jdks\openjdk-21\bin\java.dll
0x00007fff84540000 - 0x00007fff84d9f000 	C:\WINDOWS\System32\SHELL32.dll
0x00007fff80e60000 - 0x00007fff8175c000 	C:\WINDOWS\SYSTEM32\windows.storage.dll
0x00007fff80d20000 - 0x00007fff80e5f000 	C:\WINDOWS\SYSTEM32\wintypes.dll
0x00007fff858a0000 - 0x00007fff85994000 	C:\WINDOWS\System32\SHCORE.dll
0x00007fff83d20000 - 0x00007fff83d7e000 	C:\WINDOWS\System32\shlwapi.dll
0x00007fff82e80000 - 0x00007fff82ea1000 	C:\WINDOWS\SYSTEM32\profapi.dll
0x00007fff41b90000 - 0x00007fff41c67000 	C:\Users\dell\.jdks\openjdk-21\bin\jsvml.dll
0x00007fff5fa60000 - 0x00007fff5fa78000 	C:\Users\dell\.jdks\openjdk-21\bin\zip.dll
0x00007fff66f50000 - 0x00007fff66f60000 	C:\Users\dell\.jdks\openjdk-21\bin\net.dll
0x00007fff783d0000 - 0x00007fff78506000 	C:\WINDOWS\SYSTEM32\WINHTTP.dll
0x00007fff82490000 - 0x00007fff824f9000 	C:\WINDOWS\system32\mswsock.dll
0x00007fff5fa80000 - 0x00007fff5fa96000 	C:\Users\dell\.jdks\openjdk-21\bin\nio.dll
0x00007fff50db0000 - 0x00007fff50dca000 	C:\Program Files\JetBrains\IntelliJ IDEA 2023.2.3\bin\breakgen64.dll
0x00007fff53130000 - 0x00007fff53137000 	C:\Users\dell\.jdks\openjdk-21\bin\extnet.dll
0x0000000069ac0000 - 0x0000000069ae4000 	C:\Users\dell\AppData\Local\Temp\jansi-2.4.0-e6fe20e68b1b264f-jansi.dll
0x00007fff53580000 - 0x00007fff53590000 	C:\Users\dell\.jdks\openjdk-21\bin\verify.dll
0x00007fff827e0000 - 0x00007fff827fb000 	C:\WINDOWS\SYSTEM32\CRYPTSP.dll
0x00007fff81f90000 - 0x00007fff81fc5000 	C:\WINDOWS\system32\rsaenh.dll
0x00007fff82530000 - 0x00007fff82558000 	C:\WINDOWS\SYSTEM32\USERENV.dll
0x00007fff827c0000 - 0x00007fff827cc000 	C:\WINDOWS\SYSTEM32\CRYPTBASE.dll
0x00007fff81a70000 - 0x00007fff81a9d000 	C:\WINDOWS\SYSTEM32\IPHLPAPI.DLL
0x00007fff84530000 - 0x00007fff84539000 	C:\WINDOWS\System32\NSI.dll

dbghelp: loaded successfully - version: 4.0.5 - missing functions: none
symbol engine: initialized successfully - sym options: 0x614 - pdb path: .;C:\Users\dell\.jdks\openjdk-21\bin;C:\WINDOWS\SYSTEM32;C:\WINDOWS\WinSxS\amd64_microsoft.windows.common-controls_6595b64144ccf1df_6.0.22621.3672_none_2713b9d173822955;C:\Users\dell\.jdks\openjdk-21\bin\server;C:\Program Files\JetBrains\IntelliJ IDEA 2023.2.3\bin;C:\Users\dell\AppData\Local\Temp

VM Arguments:
jvm_args: -Dmaven.multiModuleProjectDirectory=E:\ProjetPLanningExam\ProjetPLanningExam -Djansi.passthrough=true -Dmaven.home=C:\Program Files\JetBrains\IntelliJ IDEA 2023.2.3\plugins\maven\lib\maven3 -Dclassworlds.conf=C:\Program Files\JetBrains\IntelliJ IDEA 2023.2.3\plugins\maven\lib\maven3\bin\m2.conf -Dmaven.ext.class.path=C:\Program Files\JetBrains\IntelliJ IDEA 2023.2.3\plugins\maven\lib\maven-event-listener.jar -javaagent:C:\Program Files\JetBrains\IntelliJ IDEA 2023.2.3\lib\idea_rt.jar=64423:C:\Program Files\JetBrains\IntelliJ IDEA 2023.2.3\bin -Dfile.encoding=UTF-8 -Dsun.stdout.encoding=UTF-8 -Dsun.stderr.encoding=UTF-8 
java_command: org.codehaus.classworlds.Launcher -Didea.version=2023.2.4 install
java_class_path (initial): C:\Program Files\JetBrains\IntelliJ IDEA 2023.2.3\plugins\maven\lib\maven3\boot\plexus-classworlds-2.7.0.jar;C:\Program Files\JetBrains\IntelliJ IDEA 2023.2.3\plugins\maven\lib\maven3\boot\plexus-classworlds.license
Launcher Type: SUN_STANDARD

[Global flags]
     intx CICompilerCount                          = 4                                         {product} {ergonomic}
     uint ConcGCThreads                            = 2                                         {product} {ergonomic}
     uint G1ConcRefinementThreads                  = 8                                         {product} {ergonomic}
   size_t G1HeapRegionSize                         = 2097152                                   {product} {ergonomic}
    uintx GCDrainStackTargetSize                   = 64                                        {product} {ergonomic}
   size_t InitialHeapSize                          = 266338304                                 {product} {ergonomic}
   size_t MarkStackSize                            = 4194304                                   {product} {ergonomic}
   size_t MaxHeapSize                              = 4248829952                                {product} {ergonomic}
   size_t MaxNewSize                               = 2548039680                                {product} {ergonomic}
   size_t MinHeapDeltaBytes                        = 2097152                                   {product} {ergonomic}
   size_t MinHeapSize                              = 8388608                                   {product} {ergonomic}
    uintx NonNMethodCodeHeapSize                   = 5839372                                {pd product} {ergonomic}
    uintx NonProfiledCodeHeapSize                  = 122909434                              {pd product} {ergonomic}
    uintx ProfiledCodeHeapSize                     = 122909434                              {pd product} {ergonomic}
    uintx ReservedCodeCacheSize                    = 251658240                              {pd product} {ergonomic}
     bool SegmentedCodeCache                       = true                                      {product} {ergonomic}
   size_t SoftMaxHeapSize                          = 4248829952                             {manageable} {ergonomic}
     bool UseCompressedOops                        = true                           {product lp64_product} {ergonomic}
     bool UseG1GC                                  = true                                      {product} {ergonomic}
     bool UseLargePagesIndividualAllocation        = false                                  {pd product} {ergonomic}

Logging:
Log output configuration:
 #0: stdout all=warning uptime,level,tags foldmultilines=false
 #1: stderr all=off uptime,level,tags foldmultilines=false

Environment Variables:
JAVA_HOME=C:\java\java-21
PATH=C:\Python312\Scripts\;C:\Python312\;D:\oracle\product\10.2.0\db_2\bin;D:\product\21c\dbhomeXE\bin;C:\Users\dell\Downloads\Compressed\APP\db_home\bin;C:\WINDOWS\system32;C:\WINDOWS;C:\WINDOWS\System32\Wbem;C:\WINDOWS\System32\WindowsPowerShell\v1.0\;C:\WINDOWS\System32\OpenSSH\;C:\java\java-21\bin;C:\Program Files\Microsoft SQL Server\130\Tools\Binn\;C:\Program Files\nodejs\;C:\ProgramData\chocolatey\bin;C:\Program Files\dotnet\;C:\Program Files (x86)\Microsoft SQL Server\160\Tools\Binn\;C:\Program Files\Microsoft SQL Server\160\Tools\Binn\;C:\Program Files\Microsoft SQL Server\Client SDK\ODBC\170\Tools\Binn\;C:\Program Files\Microsoft SQL Server\160\DTS\Binn\;C:\Program Files (x86)\Microsoft SQL Server\160\DTS\Binn\;C:\Program Files\Microsoft SQL Server\150\Tools\Binn\;C:\Program Files\Git\cmd;C:\Program Files\Amazon\AWSCLIV2\;C:\Program Files\Docker\Docker\resources\bin;C:\Users\dell\miniconda3;C:\Users\dell\miniconda3\Library\mingw-w64\bin;C:\Users\dell\miniconda3\Library\usr\bin;C:\Users\dell\miniconda3\Library\bin;C:\Users\dell\miniconda3\Scripts;C:\Users\dell\AppData\Local\Microsoft\WindowsApps;C:\Users\dell\AppData\Local\Programs\Microsoft VS Code\bin;C:\Program Files\JetBrains\IntelliJ IDEA 2023.2.3\bin;;C:\Program Files\JetBrains\PyCharm 2023.2.2\bin;;C:\Users\dell\AppData\Local\GitHubDesktop\bin;C:\Users\dell\AppData\Roaming\npm;C:\Users\dell\.dotnet\tools
USERNAME=dell
OS=Windows_NT
PROCESSOR_IDENTIFIER=Intel64 Family 6 Model 158 Stepping 9, GenuineIntel
TMP=C:\Users\dell\AppData\Local\Temp
TEMP=C:\Users\dell\AppData\Local\Temp




---------------  S Y S T E M  ---------------

OS:
 Windows 11 , 64 bit Build 22621 (10.0.22621.3672)
OS uptime: 0 days 11:14 hours
Hyper-V role detected

CPU: total 8 (initial active 8) (4 cores per cpu, 2 threads per core) family 6 model 158 stepping 9 microcode 0xf0, cx8, cmov, fxsr, ht, mmx, 3dnowpref, sse, sse2, sse3, ssse3, sse4.1, sse4.2, popcnt, lzcnt, tsc, tscinvbit, avx, avx2, aes, erms, clmul, bmi1, bmi2, rtm, adx, fma, vzeroupper, clflush, clflushopt, hv, rdtscp, f16c
Processor Information for all 8 processors :
  Max Mhz: 2901, Current Mhz: 2901, Mhz Limit: 2901

Memory: 4k page, system-wide physical 16204M (3575M free)
TotalPageFile size 16204M (AvailPageFile size 348M)
current process WorkingSet (physical memory assigned to process): 144M, peak: 314M
current process commit charge ("private bytes"): 220M, peak: 413M

vm_info: OpenJDK 64-Bit Server VM (21+35-2513) for windows-amd64 JRE (21+35-2513), built on 2023-08-09T20:25:10Z by "mach5one" with MS VC++ 17.1 (VS2022)

END.
