#
# There is insufficient memory for the Java Runtime Environment to continue.
# Native memory allocation (malloc) failed to allocate 809936 bytes for Chunk::new
# Possible reasons:
#   The system is out of physical RAM or swap space
#   The process is running with CompressedOops enabled, and the Java Heap may be blocking the growth of the native heap
# Possible solutions:
#   Reduce memory load on the system
#   Increase physical memory or swap space
#   Check if swap backing store is full
#   Decrease Java heap size (-Xmx/-Xms)
#   Decrease number of Java threads
#   Decrease Java thread stack sizes (-Xss)
#   Set larger code cache with -XX:ReservedCodeCacheSize=
#   JVM is running with Zero Based Compressed Oops mode in which the Java heap is
#     placed in the first 32GB address space. The Java Heap base address is the
#     maximum limit for the native heap growth. Please use -XX:HeapBaseMinAddress
#     to set the Java Heap base and to place the Java Heap above 32GB virtual address.
# This output file may be truncated or incomplete.
#
#  Out of Memory Error (arena.cpp:166), pid=3868, tid=2576
#
# JRE version: OpenJDK Runtime Environment (21.0+35) (build 21+35-2513)
# Java VM: OpenJDK 64-Bit Server VM (21+35-2513, mixed mode, sharing, tiered, compressed oops, compressed class ptrs, g1 gc, windows-amd64)
# No core dump will be written. Minidumps are not enabled by default on client versions of Windows
#

---------------  S U M M A R Y ------------

Command Line: -Dmaven.multiModuleProjectDirectory=E:\ProjetPLanningExam\ProjetPLanningExam -Djansi.passthrough=true -Dmaven.home=C:\Program Files\JetBrains\IntelliJ IDEA 2023.2.3\plugins\maven\lib\maven3 -Dclassworlds.conf=C:\Program Files\JetBrains\IntelliJ IDEA 2023.2.3\plugins\maven\lib\maven3\bin\m2.conf -Dmaven.ext.class.path=C:\Program Files\JetBrains\IntelliJ IDEA 2023.2.3\plugins\maven\lib\maven-event-listener.jar -javaagent:C:\Program Files\JetBrains\IntelliJ IDEA 2023.2.3\lib\idea_rt.jar=62587:C:\Program Files\JetBrains\IntelliJ IDEA 2023.2.3\bin -Dfile.encoding=UTF-8 -Dsun.stdout.encoding=UTF-8 -Dsun.stderr.encoding=UTF-8 org.codehaus.classworlds.Launcher -Didea.version=2023.2.4 install

Host: Intel(R) Core(TM) i7-7820HQ CPU @ 2.90GHz, 8 cores, 15G,  Windows 11 , 64 bit Build 22621 (10.0.22621.3672)
Time: Thu Jul 18 03:10:47 2024 W. Central Africa Standard Time elapsed time: 2.096451 seconds (0d 0h 0m 2s)

---------------  T H R E A D  ---------------

Current thread (0x00000260472cb740):  JavaThread "C2 CompilerThread1" daemon [_thread_in_native, id=2576, stack(0x0000007e88e00000,0x0000007e88f00000) (1024K)]


Current CompileTask:
C2:   2096 2808       4       org.codehaus.plexus.util.xml.pull.MXParser::parseStartTag (1190 bytes)

Stack: [0x0000007e88e00000,0x0000007e88f00000]
Native frames: (J=compiled Java code, j=interpreted, Vv=VM code, C=native code)
V  [jvm.dll+0x6c8d39]
V  [jvm.dll+0x854091]
V  [jvm.dll+0x85630e]
V  [jvm.dll+0x8569e3]
V  [jvm.dll+0x2809a6]
V  [jvm.dll+0xc3e6d]
V  [jvm.dll+0xc4383]
V  [jvm.dll+0x3b54e2]
V  [jvm.dll+0x382245]
V  [jvm.dll+0x3816ba]
V  [jvm.dll+0x249800]
V  [jvm.dll+0x248de1]
V  [jvm.dll+0x1c9b91]
V  [jvm.dll+0x2583e9]
V  [jvm.dll+0x2569ca]
V  [jvm.dll+0x3eef66]
V  [jvm.dll+0x7fd2c8]
V  [jvm.dll+0x6c748d]
C  [ucrtbase.dll+0x29333]
C  [KERNEL32.DLL+0x1257d]
C  [ntdll.dll+0x5af28]


---------------  P R O C E S S  ---------------

Threads class SMR info:
_java_thread_list=0x0000026047bc9840, length=14, elements={
0x0000026060ac4d50, 0x000002607fcead60, 0x000002607fceb9c0, 0x000002607fcefe10,
0x000002607fcf0870, 0x000002607fcf42f0, 0x000002607fcf5620, 0x000002607fcfcb80,
0x000002607fcfddc0, 0x00000260470cacb0, 0x00000260470c7830, 0x00000260470c8be0,
0x00000260472cb740, 0x0000026047c761e0
}

Java Threads: ( => current thread )
  0x0000026060ac4d50 JavaThread "main"                              [_thread_in_Java, id=14400, stack(0x0000007e87b00000,0x0000007e87c00000) (1024K)]
  0x000002607fcead60 JavaThread "Reference Handler"          daemon [_thread_blocked, id=188, stack(0x0000007e88300000,0x0000007e88400000) (1024K)]
  0x000002607fceb9c0 JavaThread "Finalizer"                  daemon [_thread_blocked, id=12184, stack(0x0000007e88400000,0x0000007e88500000) (1024K)]
  0x000002607fcefe10 JavaThread "Signal Dispatcher"          daemon [_thread_blocked, id=10836, stack(0x0000007e88500000,0x0000007e88600000) (1024K)]
  0x000002607fcf0870 JavaThread "Attach Listener"            daemon [_thread_blocked, id=1216, stack(0x0000007e88600000,0x0000007e88700000) (1024K)]
  0x000002607fcf42f0 JavaThread "Service Thread"             daemon [_thread_blocked, id=5092, stack(0x0000007e88700000,0x0000007e88800000) (1024K)]
  0x000002607fcf5620 JavaThread "Monitor Deflation Thread"   daemon [_thread_blocked, id=19740, stack(0x0000007e88800000,0x0000007e88900000) (1024K)]
  0x000002607fcfcb80 JavaThread "C2 CompilerThread0"         daemon [_thread_in_native, id=5676, stack(0x0000007e88900000,0x0000007e88a00000) (1024K)]
  0x000002607fcfddc0 JavaThread "C1 CompilerThread0"         daemon [_thread_in_native, id=12360, stack(0x0000007e88a00000,0x0000007e88b00000) (1024K)]
  0x00000260470cacb0 JavaThread "Common-Cleaner"             daemon [_thread_blocked, id=4324, stack(0x0000007e88b00000,0x0000007e88c00000) (1024K)]
  0x00000260470c7830 JavaThread "Monitor Ctrl-Break"         daemon [_thread_in_native, id=5940, stack(0x0000007e88c00000,0x0000007e88d00000) (1024K)]
  0x00000260470c8be0 JavaThread "Notification Thread"        daemon [_thread_blocked, id=10504, stack(0x0000007e88d00000,0x0000007e88e00000) (1024K)]
=>0x00000260472cb740 JavaThread "C2 CompilerThread1"         daemon [_thread_in_native, id=2576, stack(0x0000007e88e00000,0x0000007e88f00000) (1024K)]
  0x0000026047c761e0 JavaThread "C2 CompilerThread2"         daemon [_thread_in_native, id=7920, stack(0x0000007e88f00000,0x0000007e89000000) (1024K)]
Total: 14

Other Threads:
  0x000002607fccae60 VMThread "VM Thread"                           [id=3248, stack(0x0000007e88200000,0x0000007e88300000) (1024K)]
  0x000002607fcb51d0 WatcherThread "VM Periodic Task Thread"        [id=6804, stack(0x0000007e88100000,0x0000007e88200000) (1024K)]
  0x0000026060cd57b0 WorkerThread "GC Thread#0"                     [id=19772, stack(0x0000007e87c00000,0x0000007e87d00000) (1024K)]
  0x00000260480491d0 WorkerThread "GC Thread#1"                     [id=18152, stack(0x0000007e89000000,0x0000007e89100000) (1024K)]
  0x0000026048049570 WorkerThread "GC Thread#2"                     [id=11172, stack(0x0000007e89100000,0x0000007e89200000) (1024K)]
  0x0000026047b76950 WorkerThread "GC Thread#3"                     [id=1428, stack(0x0000007e89200000,0x0000007e89300000) (1024K)]
  0x0000026047b770f0 WorkerThread "GC Thread#4"                     [id=13644, stack(0x0000007e89300000,0x0000007e89400000) (1024K)]
  0x0000026047b7dc90 WorkerThread "GC Thread#5"                     [id=14836, stack(0x0000007e89400000,0x0000007e89500000) (1024K)]
  0x00000260481a21f0 WorkerThread "GC Thread#6"                     [id=7020, stack(0x0000007e89500000,0x0000007e89600000) (1024K)]
  0x00000260481a2590 WorkerThread "GC Thread#7"                     [id=1664, stack(0x0000007e89600000,0x0000007e89700000) (1024K)]
  0x0000026060b8c820 ConcurrentGCThread "G1 Main Marker"            [id=16420, stack(0x0000007e87d00000,0x0000007e87e00000) (1024K)]
  0x0000026060b8d8d0 WorkerThread "G1 Conc#0"                       [id=20068, stack(0x0000007e87e00000,0x0000007e87f00000) (1024K)]
  0x000002607fb88520 ConcurrentGCThread "G1 Refine#0"               [id=17152, stack(0x0000007e87f00000,0x0000007e88000000) (1024K)]
  0x000002607fb89d50 ConcurrentGCThread "G1 Service"                [id=7128, stack(0x0000007e88000000,0x0000007e88100000) (1024K)]
Total: 14

Threads with active compile tasks:
C2 CompilerThread0     2128 2921       4       java.util.HashMap::putVal (300 bytes)
C1 CompilerThread0     2128 2929       3       sun.nio.cs.UTF_8$Decoder::decodeArrayLoop (688 bytes)
C2 CompilerThread1     2128 2808       4       org.codehaus.plexus.util.xml.pull.MXParser::parseStartTag (1190 bytes)
C2 CompilerThread2     2128 2926       4       java.util.concurrent.locks.ReentrantLock::lock (8 bytes)
Total: 4

VM state: not at safepoint (normal execution)

VM Mutex/Monitor currently owned by a thread: None

Heap address: 0x0000000702c00000, size: 4052 MB, Compressed Oops mode: Zero based, Oop shift amount: 3

CDS archive(s) mapped at: [0x0000026002000000-0x0000026002c90000-0x0000026002c90000), size 13172736, SharedBaseAddress: 0x0000026002000000, ArchiveRelocationMode: 1.
Compressed class space mapped at: 0x0000026003000000-0x0000026043000000, reserved size: 1073741824
Narrow klass base: 0x0000026002000000, Narrow klass shift: 0, Narrow klass range: 0x100000000

GC Precious Log:
 CardTable entry size: 512
 Card Set container configuration: InlinePtr #cards 4 size 8 Array Of Cards #cards 16 size 48 Howl #buckets 8 coarsen threshold 3686 Howl Bitmap #cards 512 size 80 coarsen threshold 460 Card regions per heap region 1 cards per card region 4096
 CPUs: 8 total, 8 available
 Memory: 16204M
 Large Page Support: Disabled
 NUMA Support: Disabled
 Compressed Oops: Enabled (Zero based)
 Heap Region Size: 2M
 Heap Min Capacity: 8M
 Heap Initial Capacity: 254M
 Heap Max Capacity: 4052M
 Pre-touch: Disabled
 Parallel Workers: 8
 Concurrent Workers: 2
 Concurrent Refinement Workers: 8
 Periodic GC: Disabled

Heap:
 garbage-first heap   total 260096K, used 28877K [0x0000000702c00000, 0x0000000800000000)
  region size 2048K, 15 young (30720K), 2 survivors (4096K)
 Metaspace       used 15518K, committed 15808K, reserved 1114112K
  class space    used 1835K, committed 1984K, reserved 1048576K

Heap Regions: E=young(eden), S=young(survivor), O=old, HS=humongous(starts), HC=humongous(continues), CS=collection set, F=free, TAMS=top-at-mark-start, PB=parsable bottom
|   0|0x0000000702c00000, 0x0000000702e00000, 0x0000000702e00000|100%| O|  |TAMS 0x0000000702c00000| PB 0x0000000702c00000| Untracked 
|   1|0x0000000702e00000, 0x0000000702fae5b8, 0x0000000703000000| 84%| O|  |TAMS 0x0000000702e00000| PB 0x0000000702e00000| Untracked 
|   2|0x0000000703000000, 0x0000000703000000, 0x0000000703200000|  0%| F|  |TAMS 0x0000000703000000| PB 0x0000000703000000| Untracked 
|   3|0x0000000703200000, 0x0000000703200000, 0x0000000703400000|  0%| F|  |TAMS 0x0000000703200000| PB 0x0000000703200000| Untracked 
|   4|0x0000000703400000, 0x0000000703400000, 0x0000000703600000|  0%| F|  |TAMS 0x0000000703400000| PB 0x0000000703400000| Untracked 
|   5|0x0000000703600000, 0x0000000703600000, 0x0000000703800000|  0%| F|  |TAMS 0x0000000703600000| PB 0x0000000703600000| Untracked 
|   6|0x0000000703800000, 0x0000000703800000, 0x0000000703a00000|  0%| F|  |TAMS 0x0000000703800000| PB 0x0000000703800000| Untracked 
|   7|0x0000000703a00000, 0x0000000703a00000, 0x0000000703c00000|  0%| F|  |TAMS 0x0000000703a00000| PB 0x0000000703a00000| Untracked 
|   8|0x0000000703c00000, 0x0000000703c00000, 0x0000000703e00000|  0%| F|  |TAMS 0x0000000703c00000| PB 0x0000000703c00000| Untracked 
|   9|0x0000000703e00000, 0x0000000703e00000, 0x0000000704000000|  0%| F|  |TAMS 0x0000000703e00000| PB 0x0000000703e00000| Untracked 
|  10|0x0000000704000000, 0x0000000704000000, 0x0000000704200000|  0%| F|  |TAMS 0x0000000704000000| PB 0x0000000704000000| Untracked 
|  11|0x0000000704200000, 0x0000000704200000, 0x0000000704400000|  0%| F|  |TAMS 0x0000000704200000| PB 0x0000000704200000| Untracked 
|  12|0x0000000704400000, 0x0000000704400000, 0x0000000704600000|  0%| F|  |TAMS 0x0000000704400000| PB 0x0000000704400000| Untracked 
|  13|0x0000000704600000, 0x0000000704600000, 0x0000000704800000|  0%| F|  |TAMS 0x0000000704600000| PB 0x0000000704600000| Untracked 
|  14|0x0000000704800000, 0x0000000704800000, 0x0000000704a00000|  0%| F|  |TAMS 0x0000000704800000| PB 0x0000000704800000| Untracked 
|  15|0x0000000704a00000, 0x0000000704a00000, 0x0000000704c00000|  0%| F|  |TAMS 0x0000000704a00000| PB 0x0000000704a00000| Untracked 
|  16|0x0000000704c00000, 0x0000000704c00000, 0x0000000704e00000|  0%| F|  |TAMS 0x0000000704c00000| PB 0x0000000704c00000| Untracked 
|  17|0x0000000704e00000, 0x0000000704e00000, 0x0000000705000000|  0%| F|  |TAMS 0x0000000704e00000| PB 0x0000000704e00000| Untracked 
|  18|0x0000000705000000, 0x0000000705000000, 0x0000000705200000|  0%| F|  |TAMS 0x0000000705000000| PB 0x0000000705000000| Untracked 
|  19|0x0000000705200000, 0x0000000705200000, 0x0000000705400000|  0%| F|  |TAMS 0x0000000705200000| PB 0x0000000705200000| Untracked 
|  20|0x0000000705400000, 0x0000000705400000, 0x0000000705600000|  0%| F|  |TAMS 0x0000000705400000| PB 0x0000000705400000| Untracked 
|  21|0x0000000705600000, 0x0000000705600000, 0x0000000705800000|  0%| F|  |TAMS 0x0000000705600000| PB 0x0000000705600000| Untracked 
|  22|0x0000000705800000, 0x0000000705800000, 0x0000000705a00000|  0%| F|  |TAMS 0x0000000705800000| PB 0x0000000705800000| Untracked 
|  23|0x0000000705a00000, 0x0000000705a00000, 0x0000000705c00000|  0%| F|  |TAMS 0x0000000705a00000| PB 0x0000000705a00000| Untracked 
|  24|0x0000000705c00000, 0x0000000705c00000, 0x0000000705e00000|  0%| F|  |TAMS 0x0000000705c00000| PB 0x0000000705c00000| Untracked 
|  25|0x0000000705e00000, 0x0000000705e00000, 0x0000000706000000|  0%| F|  |TAMS 0x0000000705e00000| PB 0x0000000705e00000| Untracked 
|  26|0x0000000706000000, 0x0000000706000000, 0x0000000706200000|  0%| F|  |TAMS 0x0000000706000000| PB 0x0000000706000000| Untracked 
|  27|0x0000000706200000, 0x0000000706200000, 0x0000000706400000|  0%| F|  |TAMS 0x0000000706200000| PB 0x0000000706200000| Untracked 
|  28|0x0000000706400000, 0x0000000706400000, 0x0000000706600000|  0%| F|  |TAMS 0x0000000706400000| PB 0x0000000706400000| Untracked 
|  29|0x0000000706600000, 0x0000000706600000, 0x0000000706800000|  0%| F|  |TAMS 0x0000000706600000| PB 0x0000000706600000| Untracked 
|  30|0x0000000706800000, 0x0000000706800000, 0x0000000706a00000|  0%| F|  |TAMS 0x0000000706800000| PB 0x0000000706800000| Untracked 
|  31|0x0000000706a00000, 0x0000000706a00000, 0x0000000706c00000|  0%| F|  |TAMS 0x0000000706a00000| PB 0x0000000706a00000| Untracked 
|  32|0x0000000706c00000, 0x0000000706c00000, 0x0000000706e00000|  0%| F|  |TAMS 0x0000000706c00000| PB 0x0000000706c00000| Untracked 
|  33|0x0000000706e00000, 0x0000000706e00000, 0x0000000707000000|  0%| F|  |TAMS 0x0000000706e00000| PB 0x0000000706e00000| Untracked 
|  34|0x0000000707000000, 0x0000000707000000, 0x0000000707200000|  0%| F|  |TAMS 0x0000000707000000| PB 0x0000000707000000| Untracked 
|  35|0x0000000707200000, 0x0000000707200000, 0x0000000707400000|  0%| F|  |TAMS 0x0000000707200000| PB 0x0000000707200000| Untracked 
|  36|0x0000000707400000, 0x0000000707400000, 0x0000000707600000|  0%| F|  |TAMS 0x0000000707400000| PB 0x0000000707400000| Untracked 
|  37|0x0000000707600000, 0x0000000707600000, 0x0000000707800000|  0%| F|  |TAMS 0x0000000707600000| PB 0x0000000707600000| Untracked 
|  38|0x0000000707800000, 0x0000000707800000, 0x0000000707a00000|  0%| F|  |TAMS 0x0000000707800000| PB 0x0000000707800000| Untracked 
|  39|0x0000000707a00000, 0x0000000707a00000, 0x0000000707c00000|  0%| F|  |TAMS 0x0000000707a00000| PB 0x0000000707a00000| Untracked 
|  40|0x0000000707c00000, 0x0000000707c00000, 0x0000000707e00000|  0%| F|  |TAMS 0x0000000707c00000| PB 0x0000000707c00000| Untracked 
|  41|0x0000000707e00000, 0x0000000707e00000, 0x0000000708000000|  0%| F|  |TAMS 0x0000000707e00000| PB 0x0000000707e00000| Untracked 
|  42|0x0000000708000000, 0x0000000708000000, 0x0000000708200000|  0%| F|  |TAMS 0x0000000708000000| PB 0x0000000708000000| Untracked 
|  43|0x0000000708200000, 0x0000000708200000, 0x0000000708400000|  0%| F|  |TAMS 0x0000000708200000| PB 0x0000000708200000| Untracked 
|  44|0x0000000708400000, 0x0000000708400000, 0x0000000708600000|  0%| F|  |TAMS 0x0000000708400000| PB 0x0000000708400000| Untracked 
|  45|0x0000000708600000, 0x0000000708600000, 0x0000000708800000|  0%| F|  |TAMS 0x0000000708600000| PB 0x0000000708600000| Untracked 
|  46|0x0000000708800000, 0x0000000708800000, 0x0000000708a00000|  0%| F|  |TAMS 0x0000000708800000| PB 0x0000000708800000| Untracked 
|  47|0x0000000708a00000, 0x0000000708a00000, 0x0000000708c00000|  0%| F|  |TAMS 0x0000000708a00000| PB 0x0000000708a00000| Untracked 
|  48|0x0000000708c00000, 0x0000000708c00000, 0x0000000708e00000|  0%| F|  |TAMS 0x0000000708c00000| PB 0x0000000708c00000| Untracked 
|  49|0x0000000708e00000, 0x0000000708e00000, 0x0000000709000000|  0%| F|  |TAMS 0x0000000708e00000| PB 0x0000000708e00000| Untracked 
|  50|0x0000000709000000, 0x0000000709000000, 0x0000000709200000|  0%| F|  |TAMS 0x0000000709000000| PB 0x0000000709000000| Untracked 
|  51|0x0000000709200000, 0x0000000709200000, 0x0000000709400000|  0%| F|  |TAMS 0x0000000709200000| PB 0x0000000709200000| Untracked 
|  52|0x0000000709400000, 0x0000000709400000, 0x0000000709600000|  0%| F|  |TAMS 0x0000000709400000| PB 0x0000000709400000| Untracked 
|  53|0x0000000709600000, 0x0000000709600000, 0x0000000709800000|  0%| F|  |TAMS 0x0000000709600000| PB 0x0000000709600000| Untracked 
|  54|0x0000000709800000, 0x0000000709800000, 0x0000000709a00000|  0%| F|  |TAMS 0x0000000709800000| PB 0x0000000709800000| Untracked 
|  55|0x0000000709a00000, 0x0000000709a00000, 0x0000000709c00000|  0%| F|  |TAMS 0x0000000709a00000| PB 0x0000000709a00000| Untracked 
|  56|0x0000000709c00000, 0x0000000709c00000, 0x0000000709e00000|  0%| F|  |TAMS 0x0000000709c00000| PB 0x0000000709c00000| Untracked 
|  57|0x0000000709e00000, 0x0000000709e00000, 0x000000070a000000|  0%| F|  |TAMS 0x0000000709e00000| PB 0x0000000709e00000| Untracked 
|  58|0x000000070a000000, 0x000000070a000000, 0x000000070a200000|  0%| F|  |TAMS 0x000000070a000000| PB 0x000000070a000000| Untracked 
|  59|0x000000070a200000, 0x000000070a200000, 0x000000070a400000|  0%| F|  |TAMS 0x000000070a200000| PB 0x000000070a200000| Untracked 
|  60|0x000000070a400000, 0x000000070a400000, 0x000000070a600000|  0%| F|  |TAMS 0x000000070a400000| PB 0x000000070a400000| Untracked 
|  61|0x000000070a600000, 0x000000070a600000, 0x000000070a800000|  0%| F|  |TAMS 0x000000070a600000| PB 0x000000070a600000| Untracked 
|  62|0x000000070a800000, 0x000000070a800000, 0x000000070aa00000|  0%| F|  |TAMS 0x000000070a800000| PB 0x000000070a800000| Untracked 
|  63|0x000000070aa00000, 0x000000070aa00000, 0x000000070ac00000|  0%| F|  |TAMS 0x000000070aa00000| PB 0x000000070aa00000| Untracked 
|  64|0x000000070ac00000, 0x000000070ac00000, 0x000000070ae00000|  0%| F|  |TAMS 0x000000070ac00000| PB 0x000000070ac00000| Untracked 
|  65|0x000000070ae00000, 0x000000070ae00000, 0x000000070b000000|  0%| F|  |TAMS 0x000000070ae00000| PB 0x000000070ae00000| Untracked 
|  66|0x000000070b000000, 0x000000070b000000, 0x000000070b200000|  0%| F|  |TAMS 0x000000070b000000| PB 0x000000070b000000| Untracked 
|  67|0x000000070b200000, 0x000000070b200000, 0x000000070b400000|  0%| F|  |TAMS 0x000000070b200000| PB 0x000000070b200000| Untracked 
|  68|0x000000070b400000, 0x000000070b400000, 0x000000070b600000|  0%| F|  |TAMS 0x000000070b400000| PB 0x000000070b400000| Untracked 
|  69|0x000000070b600000, 0x000000070b600000, 0x000000070b800000|  0%| F|  |TAMS 0x000000070b600000| PB 0x000000070b600000| Untracked 
|  70|0x000000070b800000, 0x000000070b800000, 0x000000070ba00000|  0%| F|  |TAMS 0x000000070b800000| PB 0x000000070b800000| Untracked 
|  71|0x000000070ba00000, 0x000000070ba00000, 0x000000070bc00000|  0%| F|  |TAMS 0x000000070ba00000| PB 0x000000070ba00000| Untracked 
|  72|0x000000070bc00000, 0x000000070bc00000, 0x000000070be00000|  0%| F|  |TAMS 0x000000070bc00000| PB 0x000000070bc00000| Untracked 
|  73|0x000000070be00000, 0x000000070be00000, 0x000000070c000000|  0%| F|  |TAMS 0x000000070be00000| PB 0x000000070be00000| Untracked 
|  74|0x000000070c000000, 0x000000070c000000, 0x000000070c200000|  0%| F|  |TAMS 0x000000070c000000| PB 0x000000070c000000| Untracked 
|  75|0x000000070c200000, 0x000000070c200000, 0x000000070c400000|  0%| F|  |TAMS 0x000000070c200000| PB 0x000000070c200000| Untracked 
|  76|0x000000070c400000, 0x000000070c400000, 0x000000070c600000|  0%| F|  |TAMS 0x000000070c400000| PB 0x000000070c400000| Untracked 
|  77|0x000000070c600000, 0x000000070c600000, 0x000000070c800000|  0%| F|  |TAMS 0x000000070c600000| PB 0x000000070c600000| Untracked 
|  78|0x000000070c800000, 0x000000070c800000, 0x000000070ca00000|  0%| F|  |TAMS 0x000000070c800000| PB 0x000000070c800000| Untracked 
|  79|0x000000070ca00000, 0x000000070ca00000, 0x000000070cc00000|  0%| F|  |TAMS 0x000000070ca00000| PB 0x000000070ca00000| Untracked 
|  80|0x000000070cc00000, 0x000000070cc00000, 0x000000070ce00000|  0%| F|  |TAMS 0x000000070cc00000| PB 0x000000070cc00000| Untracked 
|  81|0x000000070ce00000, 0x000000070ce00000, 0x000000070d000000|  0%| F|  |TAMS 0x000000070ce00000| PB 0x000000070ce00000| Untracked 
|  82|0x000000070d000000, 0x000000070d000000, 0x000000070d200000|  0%| F|  |TAMS 0x000000070d000000| PB 0x000000070d000000| Untracked 
|  83|0x000000070d200000, 0x000000070d200000, 0x000000070d400000|  0%| F|  |TAMS 0x000000070d200000| PB 0x000000070d200000| Untracked 
|  84|0x000000070d400000, 0x000000070d400000, 0x000000070d600000|  0%| F|  |TAMS 0x000000070d400000| PB 0x000000070d400000| Untracked 
|  85|0x000000070d600000, 0x000000070d600000, 0x000000070d800000|  0%| F|  |TAMS 0x000000070d600000| PB 0x000000070d600000| Untracked 
|  86|0x000000070d800000, 0x000000070d800000, 0x000000070da00000|  0%| F|  |TAMS 0x000000070d800000| PB 0x000000070d800000| Untracked 
|  87|0x000000070da00000, 0x000000070da00000, 0x000000070dc00000|  0%| F|  |TAMS 0x000000070da00000| PB 0x000000070da00000| Untracked 
|  88|0x000000070dc00000, 0x000000070dc00000, 0x000000070de00000|  0%| F|  |TAMS 0x000000070dc00000| PB 0x000000070dc00000| Untracked 
|  89|0x000000070de00000, 0x000000070de00000, 0x000000070e000000|  0%| F|  |TAMS 0x000000070de00000| PB 0x000000070de00000| Untracked 
|  90|0x000000070e000000, 0x000000070e000000, 0x000000070e200000|  0%| F|  |TAMS 0x000000070e000000| PB 0x000000070e000000| Untracked 
|  91|0x000000070e200000, 0x000000070e200000, 0x000000070e400000|  0%| F|  |TAMS 0x000000070e200000| PB 0x000000070e200000| Untracked 
|  92|0x000000070e400000, 0x000000070e400000, 0x000000070e600000|  0%| F|  |TAMS 0x000000070e400000| PB 0x000000070e400000| Untracked 
|  93|0x000000070e600000, 0x000000070e600000, 0x000000070e800000|  0%| F|  |TAMS 0x000000070e600000| PB 0x000000070e600000| Untracked 
|  94|0x000000070e800000, 0x000000070e800000, 0x000000070ea00000|  0%| F|  |TAMS 0x000000070e800000| PB 0x000000070e800000| Untracked 
|  95|0x000000070ea00000, 0x000000070ea00000, 0x000000070ec00000|  0%| F|  |TAMS 0x000000070ea00000| PB 0x000000070ea00000| Untracked 
|  96|0x000000070ec00000, 0x000000070ec00000, 0x000000070ee00000|  0%| F|  |TAMS 0x000000070ec00000| PB 0x000000070ec00000| Untracked 
|  97|0x000000070ee00000, 0x000000070ee00000, 0x000000070f000000|  0%| F|  |TAMS 0x000000070ee00000| PB 0x000000070ee00000| Untracked 
|  98|0x000000070f000000, 0x000000070f000000, 0x000000070f200000|  0%| F|  |TAMS 0x000000070f000000| PB 0x000000070f000000| Untracked 
|  99|0x000000070f200000, 0x000000070f200000, 0x000000070f400000|  0%| F|  |TAMS 0x000000070f200000| PB 0x000000070f200000| Untracked 
| 100|0x000000070f400000, 0x000000070f400000, 0x000000070f600000|  0%| F|  |TAMS 0x000000070f400000| PB 0x000000070f400000| Untracked 
| 101|0x000000070f600000, 0x000000070f600000, 0x000000070f800000|  0%| F|  |TAMS 0x000000070f600000| PB 0x000000070f600000| Untracked 
| 102|0x000000070f800000, 0x000000070f800000, 0x000000070fa00000|  0%| F|  |TAMS 0x000000070f800000| PB 0x000000070f800000| Untracked 
| 103|0x000000070fa00000, 0x000000070fa00000, 0x000000070fc00000|  0%| F|  |TAMS 0x000000070fa00000| PB 0x000000070fa00000| Untracked 
| 104|0x000000070fc00000, 0x000000070fc00000, 0x000000070fe00000|  0%| F|  |TAMS 0x000000070fc00000| PB 0x000000070fc00000| Untracked 
| 105|0x000000070fe00000, 0x000000070fe00000, 0x0000000710000000|  0%| F|  |TAMS 0x000000070fe00000| PB 0x000000070fe00000| Untracked 
| 106|0x0000000710000000, 0x0000000710000000, 0x0000000710200000|  0%| F|  |TAMS 0x0000000710000000| PB 0x0000000710000000| Untracked 
| 107|0x0000000710200000, 0x0000000710284fa8, 0x0000000710400000| 25%| S|CS|TAMS 0x0000000710200000| PB 0x0000000710200000| Complete 
| 108|0x0000000710400000, 0x0000000710600000, 0x0000000710600000|100%| S|CS|TAMS 0x0000000710400000| PB 0x0000000710400000| Complete 
| 109|0x0000000710600000, 0x0000000710600000, 0x0000000710800000|  0%| F|  |TAMS 0x0000000710600000| PB 0x0000000710600000| Untracked 
| 110|0x0000000710800000, 0x0000000710800000, 0x0000000710a00000|  0%| F|  |TAMS 0x0000000710800000| PB 0x0000000710800000| Untracked 
| 111|0x0000000710a00000, 0x0000000710a00000, 0x0000000710c00000|  0%| F|  |TAMS 0x0000000710a00000| PB 0x0000000710a00000| Untracked 
| 112|0x0000000710c00000, 0x0000000710c00000, 0x0000000710e00000|  0%| F|  |TAMS 0x0000000710c00000| PB 0x0000000710c00000| Untracked 
| 113|0x0000000710e00000, 0x0000000710e00000, 0x0000000711000000|  0%| F|  |TAMS 0x0000000710e00000| PB 0x0000000710e00000| Untracked 
| 114|0x0000000711000000, 0x00000007111476b0, 0x0000000711200000| 63%| E|  |TAMS 0x0000000711000000| PB 0x0000000711000000| Complete 
| 115|0x0000000711200000, 0x0000000711400000, 0x0000000711400000|100%| E|CS|TAMS 0x0000000711200000| PB 0x0000000711200000| Complete 
| 116|0x0000000711400000, 0x0000000711600000, 0x0000000711600000|100%| E|CS|TAMS 0x0000000711400000| PB 0x0000000711400000| Complete 
| 117|0x0000000711600000, 0x0000000711800000, 0x0000000711800000|100%| E|  |TAMS 0x0000000711600000| PB 0x0000000711600000| Complete 
| 118|0x0000000711800000, 0x0000000711a00000, 0x0000000711a00000|100%| E|CS|TAMS 0x0000000711800000| PB 0x0000000711800000| Complete 
| 119|0x0000000711a00000, 0x0000000711c00000, 0x0000000711c00000|100%| E|CS|TAMS 0x0000000711a00000| PB 0x0000000711a00000| Complete 
| 120|0x0000000711c00000, 0x0000000711e00000, 0x0000000711e00000|100%| E|CS|TAMS 0x0000000711c00000| PB 0x0000000711c00000| Complete 
| 121|0x0000000711e00000, 0x0000000712000000, 0x0000000712000000|100%| E|CS|TAMS 0x0000000711e00000| PB 0x0000000711e00000| Complete 
| 122|0x0000000712000000, 0x0000000712200000, 0x0000000712200000|100%| E|CS|TAMS 0x0000000712000000| PB 0x0000000712000000| Complete 
| 123|0x0000000712200000, 0x0000000712400000, 0x0000000712400000|100%| E|CS|TAMS 0x0000000712200000| PB 0x0000000712200000| Complete 
| 124|0x0000000712400000, 0x0000000712600000, 0x0000000712600000|100%| E|CS|TAMS 0x0000000712400000| PB 0x0000000712400000| Complete 
| 125|0x0000000712600000, 0x0000000712800000, 0x0000000712800000|100%| E|CS|TAMS 0x0000000712600000| PB 0x0000000712600000| Complete 
| 126|0x0000000712800000, 0x0000000712a00000, 0x0000000712a00000|100%| E|CS|TAMS 0x0000000712800000| PB 0x0000000712800000| Complete 

Card table byte_map: [0x000002607aaf0000,0x000002607b2e0000] _byte_map_base: 0x00000260772da000

Marking Bits: (CMBitMap*) 0x0000026060b8bf70
 Bits: [0x000002607b2e0000, 0x000002607f230000)

Polling page: 0x0000026060d30000

Metaspace:

Usage:
  Non-class:     13.37 MB used.
      Class:      1.79 MB used.
       Both:     15.16 MB used.

Virtual space:
  Non-class space:       64.00 MB reserved,      13.50 MB ( 21%) committed,  1 nodes.
      Class space:        1.00 GB reserved,       1.94 MB ( <1%) committed,  1 nodes.
             Both:        1.06 GB reserved,      15.44 MB (  1%) committed. 

Chunk freelists:
   Non-Class:  2.48 MB
       Class:  13.91 MB
        Both:  16.40 MB

MaxMetaspaceSize: unlimited
CompressedClassSpaceSize: 1.00 GB
Initial GC threshold: 21.00 MB
Current GC threshold: 21.00 MB
CDS: on
 - commit_granule_bytes: 65536.
 - commit_granule_words: 8192.
 - virtual_space_node_default_size: 8388608.
 - enlarge_chunks_in_place: 1.
 - use_allocation_guard: 0.


Internal statistics:

num_allocs_failed_limit: 0.
num_arena_births: 160.
num_arena_deaths: 0.
num_vsnodes_births: 2.
num_vsnodes_deaths: 0.
num_space_committed: 247.
num_space_uncommitted: 0.
num_chunks_returned_to_freelist: 0.
num_chunks_taken_from_freelist: 651.
num_chunk_merges: 0.
num_chunk_splits: 470.
num_chunks_enlarged: 375.
num_inconsistent_stats: 0.

CodeHeap 'non-profiled nmethods': size=120000Kb used=1218Kb max_used=1218Kb free=118782Kb
 bounds [0x0000026072350000, 0x00000260725c0000, 0x0000026079880000]
CodeHeap 'profiled nmethods': size=120000Kb used=5628Kb max_used=5628Kb free=114371Kb
 bounds [0x000002606a880000, 0x000002606ae00000, 0x0000026071db0000]
CodeHeap 'non-nmethods': size=5760Kb used=1411Kb max_used=1456Kb free=4348Kb
 bounds [0x0000026071db0000, 0x0000026072020000, 0x0000026072350000]
 total_blobs=3430 nmethods=2926 adapters=408
 compilation: enabled
              stopped_count=0, restarted_count=0
 full_count=0

Compilation events (20 events):
Event: 2.083 Thread 0x000002607fcfddc0 2867  s    3       java.util.Hashtable::put (104 bytes)
Event: 2.084 Thread 0x000002607fcfcb80 2816       4       org.codehaus.plexus.util.xml.pull.MXParser::isS (30 bytes)
Event: 2.084 Thread 0x000002607fcfddc0 nmethod 2867 0x000002606add9e90 code [0x000002606adda0a0, 0x000002606adda800]
Event: 2.084 Thread 0x000002607fcfddc0 2870   !   3       org.codehaus.plexus.interpolation.StringSearchInterpolator::interpolate (668 bytes)
Event: 2.086 Thread 0x000002607fcfcb80 nmethod 2816 0x0000026072470d90 code [0x0000026072470f00, 0x0000026072470f88]
Event: 2.086 Thread 0x000002607fcfcb80 2827       4       org.codehaus.plexus.util.xml.pull.MXParser::getName (84 bytes)
Event: 2.088 Thread 0x000002607fcfcb80 nmethod 2827 0x0000026072471090 code [0x0000026072471220, 0x0000026072471320]
Event: 2.088 Thread 0x000002607fcfcb80 2873       4       java.lang.Character::codePointAt (51 bytes)
Event: 2.090 Thread 0x000002607fcfddc0 nmethod 2870 0x000002606addaa90 code [0x000002606addb180, 0x000002606addeca8]
Event: 2.091 Thread 0x000002607fcfddc0 2868       3       java.util.Hashtable::addEntry (87 bytes)
Event: 2.092 Thread 0x000002607fcfddc0 nmethod 2868 0x000002606ade0810 code [0x000002606ade0a00, 0x000002606ade1190]
Event: 2.092 Thread 0x000002607fcfddc0 2869       3       org.codehaus.plexus.util.xml.Xpp3Dom::getChildCount (20 bytes)
Event: 2.092 Thread 0x000002607fcfddc0 nmethod 2869 0x000002606ade1410 code [0x000002606ade15c0, 0x000002606ade1800]
Event: 2.093 Thread 0x000002607fcfddc0 2872       3       java.util.Properties::get (9 bytes)
Event: 2.093 Thread 0x000002607fcfddc0 nmethod 2872 0x000002606ade1910 code [0x000002606ade1ac0, 0x000002606ade1c20]
Event: 2.093 Thread 0x000002607fcfddc0 2871       1       org.apache.maven.model.Plugin::setVersion (6 bytes)
Event: 2.093 Thread 0x000002607fcfcb80 nmethod 2873 0x0000026072471410 code [0x00000260724715e0, 0x0000026072471890]
Event: 2.093 Thread 0x000002607fcfddc0 nmethod 2871 0x0000026072471b90 code [0x0000026072471d20, 0x0000026072471e40]
Event: 2.093 Thread 0x000002607fcfcb80 2814       4       java.util.LinkedHashMap::afterNodeInsertion (40 bytes)
Event: 2.094 Thread 0x000002607fcfcb80 nmethod 2814 0x0000026072471e90 code [0x0000026072472020, 0x00000260724720d0]

GC Heap History (4 events):
Event: 0.789 GC heap before
{Heap before GC invocations=0 (full 0):
 garbage-first heap   total 260096K, used 22528K [0x0000000702c00000, 0x0000000800000000)
  region size 2048K, 11 young (22528K), 0 survivors (0K)
 Metaspace       used 6071K, committed 6208K, reserved 1114112K
  class space    used 694K, committed 768K, reserved 1048576K
}
Event: 0.794 GC heap after
{Heap after GC invocations=1 (full 0):
 garbage-first heap   total 260096K, used 4096K [0x0000000702c00000, 0x0000000800000000)
  region size 2048K, 2 young (4096K), 2 survivors (4096K)
 Metaspace       used 6071K, committed 6208K, reserved 1114112K
  class space    used 694K, committed 768K, reserved 1048576K
}
Event: 1.439 GC heap before
{Heap before GC invocations=1 (full 0):
 garbage-first heap   total 260096K, used 36864K [0x0000000702c00000, 0x0000000800000000)
  region size 2048K, 18 young (36864K), 2 survivors (4096K)
 Metaspace       used 10762K, committed 11008K, reserved 1114112K
  class space    used 1269K, committed 1408K, reserved 1048576K
}
Event: 1.443 GC heap after
{Heap after GC invocations=2 (full 0):
 garbage-first heap   total 260096K, used 6349K [0x0000000702c00000, 0x0000000800000000)
  region size 2048K, 2 young (4096K), 2 survivors (4096K)
 Metaspace       used 10762K, committed 11008K, reserved 1114112K
  class space    used 1269K, committed 1408K, reserved 1048576K
}

Dll operation events (12 events):
Event: 0.010 Loaded shared library C:\Users\dell\.jdks\openjdk-21\bin\java.dll
Event: 0.050 Loaded shared library C:\Users\dell\.jdks\openjdk-21\bin\jsvml.dll
Event: 0.098 Loaded shared library C:\Users\dell\.jdks\openjdk-21\bin\zip.dll
Event: 0.104 Loaded shared library C:\Users\dell\.jdks\openjdk-21\bin\instrument.dll
Event: 0.112 Loaded shared library C:\Users\dell\.jdks\openjdk-21\bin\net.dll
Event: 0.116 Loaded shared library C:\Users\dell\.jdks\openjdk-21\bin\nio.dll
Event: 0.119 Loaded shared library C:\Users\dell\.jdks\openjdk-21\bin\zip.dll
Event: 0.133 Loaded shared library C:\Program Files\JetBrains\IntelliJ IDEA 2023.2.3\bin\breakgen64.dll
Event: 0.143 Loaded shared library C:\Users\dell\.jdks\openjdk-21\bin\extnet.dll
Event: 0.249 Loaded shared library C:\Users\dell\.jdks\openjdk-21\bin\jimage.dll
Event: 0.286 Loaded shared library C:\Users\dell\AppData\Local\Temp\jansi-2.4.0-ef2657321552d947-jansi.dll
Event: 0.296 Loaded shared library C:\Users\dell\.jdks\openjdk-21\bin\verify.dll

Deoptimization events (20 events):
Event: 1.967 Thread 0x0000026060ac4d50 Uncommon trap: trap_request=0xffffffde fr.pc=0x00000260723def44 relative=0x0000000000000104
Event: 1.967 Thread 0x0000026060ac4d50 Uncommon trap: reason=class_check action=maybe_recompile pc=0x00000260723def44 method=sun.nio.cs.UTF_8.updatePositions(Ljava/nio/Buffer;ILjava/nio/Buffer;I)V @ 3 c2
Event: 1.967 Thread 0x0000026060ac4d50 DEOPT PACKING pc=0x00000260723def44 sp=0x0000007e87bfe440
Event: 1.967 Thread 0x0000026060ac4d50 DEOPT UNPACKING pc=0x0000026071e046a2 sp=0x0000007e87bfe3f0 mode 2
Event: 1.967 Thread 0x0000026060ac4d50 Uncommon trap: trap_request=0xffffffde fr.pc=0x00000260723def44 relative=0x0000000000000104
Event: 1.967 Thread 0x0000026060ac4d50 Uncommon trap: reason=class_check action=maybe_recompile pc=0x00000260723def44 method=sun.nio.cs.UTF_8.updatePositions(Ljava/nio/Buffer;ILjava/nio/Buffer;I)V @ 3 c2
Event: 1.967 Thread 0x0000026060ac4d50 DEOPT PACKING pc=0x00000260723def44 sp=0x0000007e87bfe4c0
Event: 1.967 Thread 0x0000026060ac4d50 DEOPT UNPACKING pc=0x0000026071e046a2 sp=0x0000007e87bfe470 mode 2
Event: 1.980 Thread 0x0000026060ac4d50 Uncommon trap: trap_request=0xffffff45 fr.pc=0x0000026072393a54 relative=0x00000000000006f4
Event: 1.980 Thread 0x0000026060ac4d50 Uncommon trap: reason=unstable_if action=reinterpret pc=0x0000026072393a54 method=java.lang.AbstractStringBuilder.append(Ljava/lang/String;)Ljava/lang/AbstractStringBuilder; @ 1 c2
Event: 1.980 Thread 0x0000026060ac4d50 DEOPT PACKING pc=0x0000026072393a54 sp=0x0000007e87bfe600
Event: 1.980 Thread 0x0000026060ac4d50 DEOPT UNPACKING pc=0x0000026071e046a2 sp=0x0000007e87bfe590 mode 2
Event: 1.980 Thread 0x0000026060ac4d50 Uncommon trap: trap_request=0xffffff45 fr.pc=0x00000260723a1754 relative=0x00000000000006f4
Event: 1.980 Thread 0x0000026060ac4d50 Uncommon trap: reason=unstable_if action=reinterpret pc=0x00000260723a1754 method=java.lang.AbstractStringBuilder.append(Ljava/lang/String;)Ljava/lang/AbstractStringBuilder; @ 1 c2
Event: 1.980 Thread 0x0000026060ac4d50 DEOPT PACKING pc=0x00000260723a1754 sp=0x0000007e87bfe5b0
Event: 1.980 Thread 0x0000026060ac4d50 DEOPT UNPACKING pc=0x0000026071e046a2 sp=0x0000007e87bfe598 mode 2
Event: 2.020 Thread 0x0000026060ac4d50 Uncommon trap: trap_request=0xffffff45 fr.pc=0x00000260723db7a0 relative=0x00000000000006c0
Event: 2.020 Thread 0x0000026060ac4d50 Uncommon trap: reason=unstable_if action=reinterpret pc=0x00000260723db7a0 method=java.lang.String.replace(CC)Ljava/lang/String; @ 2 c2
Event: 2.021 Thread 0x0000026060ac4d50 DEOPT PACKING pc=0x00000260723db7a0 sp=0x0000007e87bfe5d0
Event: 2.021 Thread 0x0000026060ac4d50 DEOPT UNPACKING pc=0x0000026071e046a2 sp=0x0000007e87bfe590 mode 2

Classes loaded (20 events):
Event: 1.999 Loading class java/util/concurrent/locks/ReentrantReadWriteLock$Sync done
Event: 1.999 Loading class java/util/concurrent/locks/ReentrantReadWriteLock$NonfairSync done
Event: 2.000 Loading class java/util/concurrent/locks/ReentrantReadWriteLock$Sync$ThreadLocalHoldCounter
Event: 2.000 Loading class java/util/concurrent/locks/ReentrantReadWriteLock$Sync$ThreadLocalHoldCounter done
Event: 2.000 Loading class java/util/concurrent/locks/ReentrantReadWriteLock$ReadLock
Event: 2.000 Loading class java/util/concurrent/locks/ReentrantReadWriteLock$ReadLock done
Event: 2.001 Loading class java/util/concurrent/locks/ReentrantReadWriteLock$WriteLock
Event: 2.001 Loading class java/util/concurrent/locks/ReentrantReadWriteLock$WriteLock done
Event: 2.001 Loading class java/lang/ThreadLocal$SuppliedThreadLocal
Event: 2.001 Loading class java/lang/ThreadLocal$SuppliedThreadLocal done
Event: 2.008 Loading class java/nio/file/AccessMode
Event: 2.008 Loading class java/nio/file/AccessMode done
Event: 2.008 Loading class sun/nio/fs/WindowsFileSystemProvider$1
Event: 2.009 Loading class sun/nio/fs/WindowsFileSystemProvider$1 done
Event: 2.009 Loading class java/util/AbstractMap$2
Event: 2.009 Loading class java/util/AbstractMap$2 done
Event: 2.009 Loading class java/util/AbstractMap$2$1
Event: 2.010 Loading class java/util/AbstractMap$2$1 done
Event: 2.094 Loading class java/math/BigDecimal
Event: 2.095 Loading class java/math/BigDecimal done

Classes unloaded (0 events):
No events

Classes redefined (0 events):
No events

Internal exceptions (20 events):
Event: 0.648 Thread 0x0000026060ac4d50 Exception <a 'java/lang/NoSuchMethodError'{0x00000007118471c8}: 'java.lang.Object java.lang.invoke.Invokers$Holder.invokeExact_MT(java.lang.Object, java.lang.Object, java.lang.Object, java.lang.Object, java.lang.Object, java.lang.Object)'> (0x00000007118471c8) 
thrown [s\open\src\hotspot\share\interpreter\linkResolver.cpp, line 773]
Event: 0.651 Thread 0x0000026060ac4d50 Exception <a 'java/lang/NoSuchMethodError'{0x0000000711855960}: 'int java.lang.invoke.DirectMethodHandle$Holder.invokeSpecialIFC(java.lang.Object, java.lang.Object, java.lang.Object, java.lang.Object, java.lang.Object)'> (0x0000000711855960) 
thrown [s\open\src\hotspot\share\interpreter\linkResolver.cpp, line 773]
Event: 0.692 Thread 0x0000026060ac4d50 Exception <a 'java/lang/NoSuchMethodError'{0x00000007119d5e78}: 'java.lang.Object java.lang.invoke.DirectMethodHandle$Holder.newInvokeSpecial(java.lang.Object, java.lang.Object, java.lang.Object, java.lang.Object, java.lang.Object)'> (0x00000007119d5e78) 
thrown [s\open\src\hotspot\share\interpreter\linkResolver.cpp, line 773]
Event: 0.725 Thread 0x0000026060ac4d50 Exception <a 'java/lang/NoSuchMethodError'{0x00000007116cd0a8}: 'int java.lang.invoke.DirectMethodHandle$Holder.invokeStaticInit(java.lang.Object, java.lang.Object)'> (0x00000007116cd0a8) 
thrown [s\open\src\hotspot\share\interpreter\linkResolver.cpp, line 773]
Event: 0.738 Thread 0x0000026060ac4d50 Exception <a 'java/lang/NoClassDefFoundError'{0x00000007117018f8}: javax/enterprise/inject/Typed> (0x00000007117018f8) 
thrown [s\open\src\hotspot\share\classfile\systemDictionary.cpp, line 301]
Event: 1.486 Thread 0x0000026060ac4d50 Exception <a 'java/lang/NoSuchMethodError'{0x00000007126630b0}: 'void java.lang.invoke.DirectMethodHandle$Holder.invokeStaticInit(java.lang.Object, java.lang.Object, java.lang.Object)'> (0x00000007126630b0) 
thrown [s\open\src\hotspot\share\interpreter\linkResolver.cpp, line 773]
Event: 1.490 Thread 0x0000026060ac4d50 Exception <a 'java/lang/ExceptionInInitializerError'{0x000000071268b5a8}> (0x000000071268b5a8) 
thrown [s\open\src\hotspot\share\oops\instanceKlass.cpp, line 1180]
Event: 1.512 Thread 0x0000026060ac4d50 Exception <a 'java/lang/NoSuchMethodError'{0x0000000712797710}: 'long java.lang.invoke.DirectMethodHandle$Holder.invokeStatic(java.lang.Object, java.lang.Object, int)'> (0x0000000712797710) 
thrown [s\open\src\hotspot\share\interpreter\linkResolver.cpp, line 773]
Event: 1.513 Thread 0x0000026060ac4d50 Exception <a 'java/lang/NoSuchMethodError'{0x00000007127aa7a8}: 'java.lang.Object java.lang.invoke.DirectMethodHandle$Holder.invokeStatic(java.lang.Object, java.lang.Object, java.lang.Object, java.lang.Object, int)'> (0x00000007127aa7a8) 
thrown [s\open\src\hotspot\share\interpreter\linkResolver.cpp, line 773]
Event: 1.514 Thread 0x0000026060ac4d50 Exception <a 'java/lang/NoSuchMethodError'{0x00000007127b26c0}: 'java.lang.Object java.lang.invoke.DirectMethodHandle$Holder.invokeSpecial(java.lang.Object, java.lang.Object, java.lang.Object, java.lang.Object, long)'> (0x00000007127b26c0) 
thrown [s\open\src\hotspot\share\interpreter\linkResolver.cpp, line 773]
Event: 1.516 Thread 0x0000026060ac4d50 Exception <a 'java/lang/NoSuchMethodError'{0x00000007127bdf58}: 'java.lang.Object java.lang.invoke.DirectMethodHandle$Holder.invokeSpecial(java.lang.Object, java.lang.Object, java.lang.Object, int, java.lang.Object)'> (0x00000007127bdf58) 
thrown [s\open\src\hotspot\share\interpreter\linkResolver.cpp, line 773]
Event: 1.516 Thread 0x0000026060ac4d50 Exception <a 'java/lang/NoSuchMethodError'{0x00000007127c6078}: 'int java.lang.invoke.DirectMethodHandle$Holder.invokeSpecial(java.lang.Object, java.lang.Object, java.lang.Object, int)'> (0x00000007127c6078) 
thrown [s\open\src\hotspot\share\interpreter\linkResolver.cpp, line 773]
Event: 1.519 Thread 0x0000026060ac4d50 Implicit null exception at 0x00000260723f14e0 to 0x00000260723f16c4
Event: 1.521 Thread 0x0000026060ac4d50 Exception <a 'java/lang/NoSuchMethodError'{0x00000007127ea938}: 'java.lang.Object java.lang.invoke.Invokers$Holder.invokeExact_MT(java.lang.Object, int, java.lang.Object)'> (0x00000007127ea938) 
thrown [s\open\src\hotspot\share\interpreter\linkResolver.cpp, line 773]
Event: 1.725 Thread 0x0000026060ac4d50 Exception <a 'java/lang/NoSuchMethodError'{0x0000000711fccfc0}: 'void java.lang.invoke.Invokers$Holder.invokeExact_MT(java.lang.Object, java.lang.Object, java.lang.Object, java.lang.Object)'> (0x0000000711fccfc0) 
thrown [s\open\src\hotspot\share\interpreter\linkResolver.cpp, line 773]
Event: 1.741 Thread 0x0000026060ac4d50 Exception <a 'java/lang/NoClassDefFoundError'{0x0000000711c5d228}: com/google/inject/servlet/ServletModuleTargetVisitor> (0x0000000711c5d228) 
thrown [s\open\src\hotspot\share\classfile\systemDictionary.cpp, line 301]
Event: 1.815 Thread 0x0000026060ac4d50 Exception <a 'java/lang/NoSuchMethodError'{0x0000000711b03b08}: 'void java.lang.invoke.DirectMethodHandle$Holder.invokeVirtual(java.lang.Object, java.lang.Object)'> (0x0000000711b03b08) 
thrown [s\open\src\hotspot\share\interpreter\linkResolver.cpp, line 773]
Event: 1.851 Thread 0x0000026060ac4d50 Exception <a 'java/lang/NoSuchMethodError'{0x0000000711b92d98}: 'java.lang.Object java.lang.invoke.DirectMethodHandle$Holder.invokeStaticInit(java.lang.Object, int, int, int, int)'> (0x0000000711b92d98) 
thrown [s\open\src\hotspot\share\interpreter\linkResolver.cpp, line 773]
Event: 1.980 Thread 0x0000026060ac4d50 Implicit null exception at 0x00000260723933a4 to 0x0000026072393a3c
Event: 1.980 Thread 0x0000026060ac4d50 Implicit null exception at 0x00000260723a10a0 to 0x00000260723a173c

ZGC Phase Switch (0 events):
No events

VM Operations (20 events):
Event: 1.721 Executing VM operation: HandshakeAllThreads (Deoptimize)
Event: 1.721 Executing VM operation: HandshakeAllThreads (Deoptimize) done
Event: 1.769 Executing VM operation: ICBufferFull
Event: 1.769 Executing VM operation: ICBufferFull done
Event: 1.826 Executing VM operation: HandshakeAllThreads (Deoptimize)
Event: 1.826 Executing VM operation: HandshakeAllThreads (Deoptimize) done
Event: 1.868 Executing VM operation: HandshakeAllThreads (Deoptimize)
Event: 1.868 Executing VM operation: HandshakeAllThreads (Deoptimize) done
Event: 1.912 Executing VM operation: HandshakeAllThreads (Deoptimize)
Event: 1.912 Executing VM operation: HandshakeAllThreads (Deoptimize) done
Event: 1.952 Executing VM operation: HandshakeAllThreads (Deoptimize)
Event: 1.952 Executing VM operation: HandshakeAllThreads (Deoptimize) done
Event: 1.953 Executing VM operation: HandshakeAllThreads (Deoptimize)
Event: 1.953 Executing VM operation: HandshakeAllThreads (Deoptimize) done
Event: 2.000 Executing VM operation: HandshakeAllThreads (Deoptimize)
Event: 2.000 Executing VM operation: HandshakeAllThreads (Deoptimize) done
Event: 2.000 Executing VM operation: HandshakeAllThreads (Deoptimize)
Event: 2.000 Executing VM operation: HandshakeAllThreads (Deoptimize) done
Event: 2.001 Executing VM operation: HandshakeAllThreads (Deoptimize)
Event: 2.001 Executing VM operation: HandshakeAllThreads (Deoptimize) done

Events (14 events):
Event: 0.029 Thread 0x0000026060ac4d50 Thread added: 0x0000026060ac4d50
Event: 0.047 Thread 0x000002607fcead60 Thread added: 0x000002607fcead60
Event: 0.047 Thread 0x000002607fceb9c0 Thread added: 0x000002607fceb9c0
Event: 0.048 Thread 0x000002607fcefe10 Thread added: 0x000002607fcefe10
Event: 0.048 Thread 0x000002607fcf0870 Thread added: 0x000002607fcf0870
Event: 0.048 Thread 0x000002607fcf42f0 Thread added: 0x000002607fcf42f0
Event: 0.048 Thread 0x000002607fcf5620 Thread added: 0x000002607fcf5620
Event: 0.048 Thread 0x000002607fcfcb80 Thread added: 0x000002607fcfcb80
Event: 0.049 Thread 0x000002607fcfddc0 Thread added: 0x000002607fcfddc0
Event: 0.074 Thread 0x00000260470cacb0 Thread added: 0x00000260470cacb0
Event: 0.134 Thread 0x00000260470c7830 Thread added: 0x00000260470c7830
Event: 0.134 Thread 0x00000260470c8be0 Thread added: 0x00000260470c8be0
Event: 0.164 Thread 0x00000260472cb740 Thread added: 0x00000260472cb740
Event: 0.767 Thread 0x0000026047c761e0 Thread added: 0x0000026047c761e0


Dynamic libraries:
0x00007ff6308b0000 - 0x00007ff6308be000 	C:\Users\dell\.jdks\openjdk-21\bin\java.exe
0x00007fff85c50000 - 0x00007fff85e67000 	C:\WINDOWS\SYSTEM32\ntdll.dll
0x00007fff85160000 - 0x00007fff85224000 	C:\WINDOWS\System32\KERNEL32.DLL
0x00007fff83210000 - 0x00007fff835bd000 	C:\WINDOWS\System32\KERNELBASE.dll
0x00007fff83680000 - 0x00007fff83791000 	C:\WINDOWS\System32\ucrtbase.dll
0x00007fff25aa0000 - 0x00007fff25abb000 	C:\Users\dell\.jdks\openjdk-21\bin\VCRUNTIME140.dll
0x00007fff25a80000 - 0x00007fff25a98000 	C:\Users\dell\.jdks\openjdk-21\bin\jli.dll
0x00007fff84380000 - 0x00007fff8452e000 	C:\WINDOWS\System32\USER32.dll
0x00007fff6acd0000 - 0x00007fff6af63000 	C:\WINDOWS\WinSxS\amd64_microsoft.windows.common-controls_6595b64144ccf1df_6.0.22621.3672_none_2713b9d173822955\COMCTL32.dll
0x00007fff831b0000 - 0x00007fff831d6000 	C:\WINDOWS\System32\win32u.dll
0x00007fff84da0000 - 0x00007fff84e47000 	C:\WINDOWS\System32\msvcrt.dll
0x00007fff83c30000 - 0x00007fff83c59000 	C:\WINDOWS\System32\GDI32.dll
0x00007fff837a0000 - 0x00007fff838b9000 	C:\WINDOWS\System32\gdi32full.dll
0x00007fff838c0000 - 0x00007fff8395a000 	C:\WINDOWS\System32\msvcp_win.dll
0x00007fff859a0000 - 0x00007fff859d1000 	C:\WINDOWS\System32\IMM32.DLL
0x00007fff3d260000 - 0x00007fff3d26c000 	C:\Users\dell\.jdks\openjdk-21\bin\vcruntime140_1.dll
0x00007fff28400000 - 0x00007fff2848e000 	C:\Users\dell\.jdks\openjdk-21\bin\msvcp140.dll
0x00007fff22660000 - 0x00007fff23373000 	C:\Users\dell\.jdks\openjdk-21\bin\server\jvm.dll
0x00007fff83c60000 - 0x00007fff83d12000 	C:\WINDOWS\System32\ADVAPI32.dll
0x00007fff85780000 - 0x00007fff85829000 	C:\WINDOWS\System32\sechost.dll
0x00007fff831e0000 - 0x00007fff83208000 	C:\WINDOWS\System32\bcrypt.dll
0x00007fff83d80000 - 0x00007fff83e94000 	C:\WINDOWS\System32\RPCRT4.dll
0x00007fff84ea0000 - 0x00007fff84f11000 	C:\WINDOWS\System32\WS2_32.dll
0x00007fff81da0000 - 0x00007fff81ded000 	C:\WINDOWS\SYSTEM32\POWRPROF.dll
0x00007fff780b0000 - 0x00007fff780e4000 	C:\WINDOWS\SYSTEM32\WINMM.dll
0x00007fff786e0000 - 0x00007fff786ea000 	C:\WINDOWS\SYSTEM32\VERSION.dll
0x00007fff81d80000 - 0x00007fff81d93000 	C:\WINDOWS\SYSTEM32\UMPDC.dll
0x00007fff82030000 - 0x00007fff82048000 	C:\WINDOWS\SYSTEM32\kernel.appcore.dll
0x00007fff3d160000 - 0x00007fff3d16a000 	C:\Users\dell\.jdks\openjdk-21\bin\jimage.dll
0x00007fff80730000 - 0x00007fff80962000 	C:\WINDOWS\SYSTEM32\DBGHELP.DLL
0x00007fff85230000 - 0x00007fff855b8000 	C:\WINDOWS\System32\combase.dll
0x00007fff83960000 - 0x00007fff83a37000 	C:\WINDOWS\System32\OLEAUT32.dll
0x00007fff6dbe0000 - 0x00007fff6dc12000 	C:\WINDOWS\SYSTEM32\dbgcore.DLL
0x00007fff830c0000 - 0x00007fff8313b000 	C:\WINDOWS\System32\bcryptPrimitives.dll
0x00007fff7ca00000 - 0x00007fff7ca0f000 	C:\Users\dell\.jdks\openjdk-21\bin\instrument.dll
0x00007fff288f0000 - 0x00007fff2890f000 	C:\Users\dell\.jdks\openjdk-21\bin\java.dll
0x00007fff84540000 - 0x00007fff84d9f000 	C:\WINDOWS\System32\SHELL32.dll
0x00007fff80e60000 - 0x00007fff8175c000 	C:\WINDOWS\SYSTEM32\windows.storage.dll
0x00007fff80d20000 - 0x00007fff80e5f000 	C:\WINDOWS\SYSTEM32\wintypes.dll
0x00007fff858a0000 - 0x00007fff85994000 	C:\WINDOWS\System32\SHCORE.dll
0x00007fff83d20000 - 0x00007fff83d7e000 	C:\WINDOWS\System32\shlwapi.dll
0x00007fff82e80000 - 0x00007fff82ea1000 	C:\WINDOWS\SYSTEM32\profapi.dll
0x00007fff25600000 - 0x00007fff256d7000 	C:\Users\dell\.jdks\openjdk-21\bin\jsvml.dll
0x00007fff21d30000 - 0x00007fff21d48000 	C:\Users\dell\.jdks\openjdk-21\bin\zip.dll
0x00007fff34d30000 - 0x00007fff34d40000 	C:\Users\dell\.jdks\openjdk-21\bin\net.dll
0x00007fff783d0000 - 0x00007fff78506000 	C:\WINDOWS\SYSTEM32\WINHTTP.dll
0x00007fff82490000 - 0x00007fff824f9000 	C:\WINDOWS\system32\mswsock.dll
0x00007fff25060000 - 0x00007fff25076000 	C:\Users\dell\.jdks\openjdk-21\bin\nio.dll
0x00007fff6dbc0000 - 0x00007fff6dbda000 	C:\Program Files\JetBrains\IntelliJ IDEA 2023.2.3\bin\breakgen64.dll
0x00007fff34be0000 - 0x00007fff34be7000 	C:\Users\dell\.jdks\openjdk-21\bin\extnet.dll
0x0000000069ac0000 - 0x0000000069ae4000 	C:\Users\dell\AppData\Local\Temp\jansi-2.4.0-ef2657321552d947-jansi.dll
0x00007fff2b590000 - 0x00007fff2b5a0000 	C:\Users\dell\.jdks\openjdk-21\bin\verify.dll

dbghelp: loaded successfully - version: 4.0.5 - missing functions: none
symbol engine: initialized successfully - sym options: 0x614 - pdb path: .;C:\Users\dell\.jdks\openjdk-21\bin;C:\WINDOWS\SYSTEM32;C:\WINDOWS\WinSxS\amd64_microsoft.windows.common-controls_6595b64144ccf1df_6.0.22621.3672_none_2713b9d173822955;C:\Users\dell\.jdks\openjdk-21\bin\server;C:\Program Files\JetBrains\IntelliJ IDEA 2023.2.3\bin;C:\Users\dell\AppData\Local\Temp

VM Arguments:
jvm_args: -Dmaven.multiModuleProjectDirectory=E:\ProjetPLanningExam\ProjetPLanningExam -Djansi.passthrough=true -Dmaven.home=C:\Program Files\JetBrains\IntelliJ IDEA 2023.2.3\plugins\maven\lib\maven3 -Dclassworlds.conf=C:\Program Files\JetBrains\IntelliJ IDEA 2023.2.3\plugins\maven\lib\maven3\bin\m2.conf -Dmaven.ext.class.path=C:\Program Files\JetBrains\IntelliJ IDEA 2023.2.3\plugins\maven\lib\maven-event-listener.jar -javaagent:C:\Program Files\JetBrains\IntelliJ IDEA 2023.2.3\lib\idea_rt.jar=62587:C:\Program Files\JetBrains\IntelliJ IDEA 2023.2.3\bin -Dfile.encoding=UTF-8 -Dsun.stdout.encoding=UTF-8 -Dsun.stderr.encoding=UTF-8 
java_command: org.codehaus.classworlds.Launcher -Didea.version=2023.2.4 install
java_class_path (initial): C:\Program Files\JetBrains\IntelliJ IDEA 2023.2.3\plugins\maven\lib\maven3\boot\plexus-classworlds-2.7.0.jar;C:\Program Files\JetBrains\IntelliJ IDEA 2023.2.3\plugins\maven\lib\maven3\boot\plexus-classworlds.license
Launcher Type: SUN_STANDARD

[Global flags]
     intx CICompilerCount                          = 4                                         {product} {ergonomic}
     uint ConcGCThreads                            = 2                                         {product} {ergonomic}
     uint G1ConcRefinementThreads                  = 8                                         {product} {ergonomic}
   size_t G1HeapRegionSize                         = 2097152                                   {product} {ergonomic}
    uintx GCDrainStackTargetSize                   = 64                                        {product} {ergonomic}
   size_t InitialHeapSize                          = 266338304                                 {product} {ergonomic}
   size_t MarkStackSize                            = 4194304                                   {product} {ergonomic}
   size_t MaxHeapSize                              = 4248829952                                {product} {ergonomic}
   size_t MaxNewSize                               = 2548039680                                {product} {ergonomic}
   size_t MinHeapDeltaBytes                        = 2097152                                   {product} {ergonomic}
   size_t MinHeapSize                              = 8388608                                   {product} {ergonomic}
    uintx NonNMethodCodeHeapSize                   = 5839372                                {pd product} {ergonomic}
    uintx NonProfiledCodeHeapSize                  = 122909434                              {pd product} {ergonomic}
    uintx ProfiledCodeHeapSize                     = 122909434                              {pd product} {ergonomic}
    uintx ReservedCodeCacheSize                    = 251658240                              {pd product} {ergonomic}
     bool SegmentedCodeCache                       = true                                      {product} {ergonomic}
   size_t SoftMaxHeapSize                          = 4248829952                             {manageable} {ergonomic}
     bool UseCompressedOops                        = true                           {product lp64_product} {ergonomic}
     bool UseG1GC                                  = true                                      {product} {ergonomic}
     bool UseLargePagesIndividualAllocation        = false                                  {pd product} {ergonomic}

Logging:
Log output configuration:
 #0: stdout all=warning uptime,level,tags foldmultilines=false
 #1: stderr all=off uptime,level,tags foldmultilines=false

Environment Variables:
JAVA_HOME=C:\java\java-21
PATH=C:\Python312\Scripts\;C:\Python312\;D:\oracle\product\10.2.0\db_2\bin;D:\product\21c\dbhomeXE\bin;C:\Users\dell\Downloads\Compressed\APP\db_home\bin;C:\WINDOWS\system32;C:\WINDOWS;C:\WINDOWS\System32\Wbem;C:\WINDOWS\System32\WindowsPowerShell\v1.0\;C:\WINDOWS\System32\OpenSSH\;C:\java\java-21\bin;C:\Program Files\Microsoft SQL Server\130\Tools\Binn\;C:\Program Files\nodejs\;C:\ProgramData\chocolatey\bin;C:\Program Files\dotnet\;C:\Program Files (x86)\Microsoft SQL Server\160\Tools\Binn\;C:\Program Files\Microsoft SQL Server\160\Tools\Binn\;C:\Program Files\Microsoft SQL Server\Client SDK\ODBC\170\Tools\Binn\;C:\Program Files\Microsoft SQL Server\160\DTS\Binn\;C:\Program Files (x86)\Microsoft SQL Server\160\DTS\Binn\;C:\Program Files\Microsoft SQL Server\150\Tools\Binn\;C:\Program Files\Git\cmd;C:\Program Files\Amazon\AWSCLIV2\;C:\Program Files\Docker\Docker\resources\bin;C:\Users\dell\miniconda3;C:\Users\dell\miniconda3\Library\mingw-w64\bin;C:\Users\dell\miniconda3\Library\usr\bin;C:\Users\dell\miniconda3\Library\bin;C:\Users\dell\miniconda3\Scripts;C:\Users\dell\AppData\Local\Microsoft\WindowsApps;C:\Users\dell\AppData\Local\Programs\Microsoft VS Code\bin;C:\Program Files\JetBrains\IntelliJ IDEA 2023.2.3\bin;;C:\Program Files\JetBrains\PyCharm 2023.2.2\bin;;C:\Users\dell\AppData\Local\GitHubDesktop\bin;C:\Users\dell\AppData\Roaming\npm;C:\Users\dell\.dotnet\tools
USERNAME=dell
OS=Windows_NT
PROCESSOR_IDENTIFIER=Intel64 Family 6 Model 158 Stepping 9, GenuineIntel
TMP=C:\Users\dell\AppData\Local\Temp
TEMP=C:\Users\dell\AppData\Local\Temp




---------------  S Y S T E M  ---------------

OS:
 Windows 11 , 64 bit Build 22621 (10.0.22621.3672)
OS uptime: 0 days 0:35 hours
Hyper-V role detected

CPU: total 8 (initial active 8) (4 cores per cpu, 2 threads per core) family 6 model 158 stepping 9 microcode 0xf0, cx8, cmov, fxsr, ht, mmx, 3dnowpref, sse, sse2, sse3, ssse3, sse4.1, sse4.2, popcnt, lzcnt, tsc, tscinvbit, avx, avx2, aes, erms, clmul, bmi1, bmi2, rtm, adx, fma, vzeroupper, clflush, clflushopt, hv, rdtscp, f16c
Processor Information for all 8 processors :
  Max Mhz: 2901, Current Mhz: 2901, Mhz Limit: 2901

Memory: 4k page, system-wide physical 16204M (2634M free)
TotalPageFile size 16204M (AvailPageFile size 7M)
current process WorkingSet (physical memory assigned to process): 127M, peak: 129M
current process commit charge ("private bytes"): 383M, peak: 385M

vm_info: OpenJDK 64-Bit Server VM (21+35-2513) for windows-amd64 JRE (21+35-2513), built on 2023-08-09T20:25:10Z by "mach5one" with MS VC++ 17.1 (VS2022)

END.
