#
# There is insufficient memory for the Java Runtime Environment to continue.
# Native memory allocation (mmap) failed to map 266338304 bytes for G1 virtual space
# Possible reasons:
#   The system is out of physical RAM or swap space
#   The process is running with CompressedOops enabled, and the Java Heap may be blocking the growth of the native heap
# Possible solutions:
#   Reduce memory load on the system
#   Increase physical memory or swap space
#   Check if swap backing store is full
#   Decrease Java heap size (-Xmx/-Xms)
#   Decrease number of Java threads
#   Decrease Java thread stack sizes (-Xss)
#   Set larger code cache with -XX:ReservedCodeCacheSize=
#   JVM is running with Zero Based Compressed Oops mode in which the Java heap is
#     placed in the first 32GB address space. The Java Heap base address is the
#     maximum limit for the native heap growth. Please use -XX:HeapBaseMinAddress
#     to set the Java Heap base and to place the Java Heap above 32GB virtual address.
# This output file may be truncated or incomplete.
#
#  Out of Memory Error (os_windows.cpp:3600), pid=21148, tid=9100
#
# JRE version:  (21.0+35) (build )
# Java VM: OpenJDK 64-Bit Server VM (21+35-2513, mixed mode, sharing, tiered, compressed oops, compressed class ptrs, g1 gc, windows-amd64)
# No core dump will be written. Minidumps are not enabled by default on client versions of Windows
#

---------------  S U M M A R Y ------------

Command Line: C:\Users\dell\AppData\Local\Temp\surefire7367428741443471214\surefirebooter-20240718133230316_3.jar C:\Users\dell\AppData\Local\Temp\surefire7367428741443471214 2024-07-18T13-32-30_160-jvmRun1 surefire-20240718133230316_1tmp surefire_0-20240718133230316_2tmp

Host: Intel(R) Core(TM) i7-7820HQ CPU @ 2.90GHz, 8 cores, 15G,  Windows 11 , 64 bit Build 22621 (10.0.22621.3672)
Time: Thu Jul 18 13:32:30 2024 W. Central Africa Standard Time elapsed time: 0.023690 seconds (0d 0h 0m 0s)

---------------  T H R E A D  ---------------

Current thread (0x000001b12cb6f4b0):  JavaThread "Unknown thread" [_thread_in_vm, id=9100, stack(0x000000528e400000,0x000000528e500000) (1024K)]

Stack: [0x000000528e400000,0x000000528e500000]
Native frames: (J=compiled Java code, j=interpreted, Vv=VM code, C=native code)
V  [jvm.dll+0x6c8d39]
V  [jvm.dll+0x854091]
V  [jvm.dll+0x85630e]
V  [jvm.dll+0x8569e3]
V  [jvm.dll+0x2809a6]
V  [jvm.dll+0x6c5425]
V  [jvm.dll+0x6b9e1a]
V  [jvm.dll+0x3555ba]
V  [jvm.dll+0x35d206]
V  [jvm.dll+0x3adf6e]
V  [jvm.dll+0x3ae218]
V  [jvm.dll+0x328fcc]
V  [jvm.dll+0x329b5b]
V  [jvm.dll+0x81c699]
V  [jvm.dll+0x3bb2a1]
V  [jvm.dll+0x805688]
V  [jvm.dll+0x44ed9e]
V  [jvm.dll+0x4506a1]
C  [jli.dll+0x52a3]
C  [ucrtbase.dll+0x29333]
C  [KERNEL32.DLL+0x1257d]
C  [ntdll.dll+0x5af28]


---------------  P R O C E S S  ---------------

Threads class SMR info:
_java_thread_list=0x00007fff23227b48, length=0, elements={
}

Java Threads: ( => current thread )
Total: 0

Other Threads:
  0x000001b12eeeea60 WorkerThread "GC Thread#0"                     [id=21272, stack(0x000000528e500000,0x000000528e600000) (1024K)]
  0x000001b12ef008e0 ConcurrentGCThread "G1 Main Marker"            [id=2856, stack(0x000000528e600000,0x000000528e700000) (1024K)]
  0x000001b12ef013e0 WorkerThread "G1 Conc#0"                       [id=16976, stack(0x000000528e700000,0x000000528e800000) (1024K)]

[error occurred during error reporting (printing all threads), id 0xc0000005, EXCEPTION_ACCESS_VIOLATION (0xc0000005) at pc=0x00007fff2299c097]
VM state: not at safepoint (not fully initialized)

VM Mutex/Monitor currently owned by a thread:  ([mutex/lock_event])
[0x00007fff23298648] Heap_lock - owner thread: 0x000001b12cb6f4b0

Heap address: 0x0000000702c00000, size: 4052 MB, Compressed Oops mode: Zero based, Oop shift amount: 3

CDS archive(s) mapped at: [0x0000000000000000-0x0000000000000000-0x0000000000000000), size 0, SharedBaseAddress: 0x0000000800000000, ArchiveRelocationMode: 1.
Narrow klass base: 0x0000000000000000, Narrow klass shift: 0, Narrow klass range: 0x0

GC Precious Log:
 CardTable entry size: 512
 Card Set container configuration: InlinePtr #cards 4 size 8 Array Of Cards #cards 16 size 48 Howl #buckets 8 coarsen threshold 3686 Howl Bitmap #cards 512 size 80 coarsen threshold 460 Card regions per heap region 1 cards per card region 4096

Heap:
 garbage-first heap   total 0K, used 0K [0x0000000702c00000, 0x0000000800000000)
  region size 2048K, 0 young (0K), 0 survivors (0K)

[error occurred during error reporting (printing heap information), id 0xc0000005, EXCEPTION_ACCESS_VIOLATION (0xc0000005) at pc=0x00007fff22d81939]
GC Heap History (0 events):
No events

Dll operation events (1 events):
Event: 0.010 Loaded shared library C:\Users\dell\.jdks\openjdk-21\bin\java.dll

Deoptimization events (0 events):
No events

Classes loaded (0 events):
No events

Classes unloaded (0 events):
No events

Classes redefined (0 events):
No events

Internal exceptions (0 events):
No events

ZGC Phase Switch (0 events):
No events

VM Operations (0 events):
No events

Events (0 events):
No events


Dynamic libraries:
0x00007ff696290000 - 0x00007ff69629e000 	C:\Users\dell\.jdks\openjdk-21\bin\java.exe
0x00007fff85c50000 - 0x00007fff85e67000 	C:\WINDOWS\SYSTEM32\ntdll.dll
0x00007fff85160000 - 0x00007fff85224000 	C:\WINDOWS\System32\KERNEL32.DLL
0x00007fff83210000 - 0x00007fff835bd000 	C:\WINDOWS\System32\KERNELBASE.dll
0x00007fff83680000 - 0x00007fff83791000 	C:\WINDOWS\System32\ucrtbase.dll
0x00007fff6d2e0000 - 0x00007fff6d2f8000 	C:\Users\dell\.jdks\openjdk-21\bin\jli.dll
0x00007fff6dbc0000 - 0x00007fff6dbdb000 	C:\Users\dell\.jdks\openjdk-21\bin\VCRUNTIME140.dll
0x00007fff84380000 - 0x00007fff8452e000 	C:\WINDOWS\System32\USER32.dll
0x00007fff6acd0000 - 0x00007fff6af63000 	C:\WINDOWS\WinSxS\amd64_microsoft.windows.common-controls_6595b64144ccf1df_6.0.22621.3672_none_2713b9d173822955\COMCTL32.dll
0x00007fff831b0000 - 0x00007fff831d6000 	C:\WINDOWS\System32\win32u.dll
0x00007fff84da0000 - 0x00007fff84e47000 	C:\WINDOWS\System32\msvcrt.dll
0x00007fff83c30000 - 0x00007fff83c59000 	C:\WINDOWS\System32\GDI32.dll
0x00007fff837a0000 - 0x00007fff838b9000 	C:\WINDOWS\System32\gdi32full.dll
0x00007fff838c0000 - 0x00007fff8395a000 	C:\WINDOWS\System32\msvcp_win.dll
0x00007fff859a0000 - 0x00007fff859d1000 	C:\WINDOWS\System32\IMM32.DLL
0x00007fff6d2d0000 - 0x00007fff6d2dc000 	C:\Users\dell\.jdks\openjdk-21\bin\vcruntime140_1.dll
0x00007fff425b0000 - 0x00007fff4263e000 	C:\Users\dell\.jdks\openjdk-21\bin\msvcp140.dll
0x00007fff22660000 - 0x00007fff23373000 	C:\Users\dell\.jdks\openjdk-21\bin\server\jvm.dll
0x00007fff83c60000 - 0x00007fff83d12000 	C:\WINDOWS\System32\ADVAPI32.dll
0x00007fff85780000 - 0x00007fff85829000 	C:\WINDOWS\System32\sechost.dll
0x00007fff831e0000 - 0x00007fff83208000 	C:\WINDOWS\System32\bcrypt.dll
0x00007fff83d80000 - 0x00007fff83e94000 	C:\WINDOWS\System32\RPCRT4.dll
0x00007fff84ea0000 - 0x00007fff84f11000 	C:\WINDOWS\System32\WS2_32.dll
0x00007fff81da0000 - 0x00007fff81ded000 	C:\WINDOWS\SYSTEM32\POWRPROF.dll
0x00007fff780b0000 - 0x00007fff780e4000 	C:\WINDOWS\SYSTEM32\WINMM.dll
0x00007fff786e0000 - 0x00007fff786ea000 	C:\WINDOWS\SYSTEM32\VERSION.dll
0x00007fff81d80000 - 0x00007fff81d93000 	C:\WINDOWS\SYSTEM32\UMPDC.dll
0x00007fff82030000 - 0x00007fff82048000 	C:\WINDOWS\SYSTEM32\kernel.appcore.dll
0x00007fff6d2c0000 - 0x00007fff6d2ca000 	C:\Users\dell\.jdks\openjdk-21\bin\jimage.dll
0x00007fff80730000 - 0x00007fff80962000 	C:\WINDOWS\SYSTEM32\DBGHELP.DLL
0x00007fff85230000 - 0x00007fff855b8000 	C:\WINDOWS\System32\combase.dll
0x00007fff83960000 - 0x00007fff83a37000 	C:\WINDOWS\System32\OLEAUT32.dll
0x00007fff6dbe0000 - 0x00007fff6dc12000 	C:\WINDOWS\SYSTEM32\dbgcore.DLL
0x00007fff830c0000 - 0x00007fff8313b000 	C:\WINDOWS\System32\bcryptPrimitives.dll
0x00007fff53570000 - 0x00007fff5358f000 	C:\Users\dell\.jdks\openjdk-21\bin\java.dll

dbghelp: loaded successfully - version: 4.0.5 - missing functions: none
symbol engine: initialized successfully - sym options: 0x614 - pdb path: .;C:\Users\dell\.jdks\openjdk-21\bin;C:\WINDOWS\SYSTEM32;C:\WINDOWS\WinSxS\amd64_microsoft.windows.common-controls_6595b64144ccf1df_6.0.22621.3672_none_2713b9d173822955;C:\Users\dell\.jdks\openjdk-21\bin\server

VM Arguments:
java_command: C:\Users\dell\AppData\Local\Temp\surefire7367428741443471214\surefirebooter-20240718133230316_3.jar C:\Users\dell\AppData\Local\Temp\surefire7367428741443471214 2024-07-18T13-32-30_160-jvmRun1 surefire-20240718133230316_1tmp surefire_0-20240718133230316_2tmp
java_class_path (initial): C:\Users\dell\AppData\Local\Temp\surefire7367428741443471214\surefirebooter-20240718133230316_3.jar
Launcher Type: SUN_STANDARD

[Global flags]
     intx CICompilerCount                          = 4                                         {product} {ergonomic}
     uint ConcGCThreads                            = 2                                         {product} {ergonomic}
     uint G1ConcRefinementThreads                  = 8                                         {product} {ergonomic}
   size_t G1HeapRegionSize                         = 2097152                                   {product} {ergonomic}
    uintx GCDrainStackTargetSize                   = 64                                        {product} {ergonomic}
   size_t InitialHeapSize                          = 266338304                                 {product} {ergonomic}
   size_t MarkStackSize                            = 4194304                                   {product} {ergonomic}
   size_t MaxHeapSize                              = 4248829952                                {product} {ergonomic}
   size_t MinHeapDeltaBytes                        = 2097152                                   {product} {ergonomic}
   size_t MinHeapSize                              = 8388608                                   {product} {ergonomic}
    uintx NonNMethodCodeHeapSize                   = 5839372                                {pd product} {ergonomic}
    uintx NonProfiledCodeHeapSize                  = 122909434                              {pd product} {ergonomic}
    uintx ProfiledCodeHeapSize                     = 122909434                              {pd product} {ergonomic}
    uintx ReservedCodeCacheSize                    = 251658240                              {pd product} {ergonomic}
     bool SegmentedCodeCache                       = true                                      {product} {ergonomic}
   size_t SoftMaxHeapSize                          = 4248829952                             {manageable} {ergonomic}
     bool UseCompressedOops                        = true                           {product lp64_product} {ergonomic}
     bool UseG1GC                                  = true                                      {product} {ergonomic}
     bool UseLargePagesIndividualAllocation        = false                                  {pd product} {ergonomic}

Logging:
Log output configuration:
 #0: stdout all=warning uptime,level,tags foldmultilines=false
 #1: stderr all=off uptime,level,tags foldmultilines=false

Environment Variables:
JAVA_HOME=C:\java\java-21
PATH=C:\Python312\Scripts\;C:\Python312\;D:\oracle\product\10.2.0\db_2\bin;D:\product\21c\dbhomeXE\bin;C:\Users\dell\Downloads\Compressed\APP\db_home\bin;C:\WINDOWS\system32;C:\WINDOWS;C:\WINDOWS\System32\Wbem;C:\WINDOWS\System32\WindowsPowerShell\v1.0\;C:\WINDOWS\System32\OpenSSH\;C:\java\java-21\bin;C:\Program Files\Microsoft SQL Server\130\Tools\Binn\;C:\Program Files\nodejs\;C:\ProgramData\chocolatey\bin;C:\Program Files\dotnet\;C:\Program Files (x86)\Microsoft SQL Server\160\Tools\Binn\;C:\Program Files\Microsoft SQL Server\160\Tools\Binn\;C:\Program Files\Microsoft SQL Server\Client SDK\ODBC\170\Tools\Binn\;C:\Program Files\Microsoft SQL Server\160\DTS\Binn\;C:\Program Files (x86)\Microsoft SQL Server\160\DTS\Binn\;C:\Program Files\Microsoft SQL Server\150\Tools\Binn\;C:\Program Files\Git\cmd;C:\Program Files\Amazon\AWSCLIV2\;C:\Program Files\Docker\Docker\resources\bin;C:\Users\dell\miniconda3;C:\Users\dell\miniconda3\Library\mingw-w64\bin;C:\Users\dell\miniconda3\Library\usr\bin;C:\Users\dell\miniconda3\Library\bin;C:\Users\dell\miniconda3\Scripts;C:\Users\dell\AppData\Local\Microsoft\WindowsApps;C:\Users\dell\AppData\Local\Programs\Microsoft VS Code\bin;C:\Program Files\JetBrains\IntelliJ IDEA 2023.2.3\bin;;C:\Program Files\JetBrains\PyCharm 2023.2.2\bin;;C:\Users\dell\AppData\Local\GitHubDesktop\bin;C:\Users\dell\AppData\Roaming\npm;C:\Users\dell\.dotnet\tools
USERNAME=dell
OS=Windows_NT
PROCESSOR_IDENTIFIER=Intel64 Family 6 Model 158 Stepping 9, GenuineIntel
TMP=C:\Users\dell\AppData\Local\Temp
TEMP=C:\Users\dell\AppData\Local\Temp




---------------  S Y S T E M  ---------------

OS:
 Windows 11 , 64 bit Build 22621 (10.0.22621.3672)
OS uptime: 0 days 10:56 hours
Hyper-V role detected

CPU: total 8 (initial active 8) (4 cores per cpu, 2 threads per core) family 6 model 158 stepping 9 microcode 0xf0, cx8, cmov, fxsr, ht, mmx, 3dnowpref, sse, sse2, sse3, ssse3, sse4.1, sse4.2, popcnt, lzcnt, tsc, tscinvbit, avx, avx2, aes, erms, clmul, bmi1, bmi2, rtm, adx, fma, vzeroupper, clflush, clflushopt, hv, rdtscp, f16c
Processor Information for all 8 processors :
  Max Mhz: 2901, Current Mhz: 2901, Mhz Limit: 2901

Memory: 4k page, system-wide physical 16204M (2815M free)
TotalPageFile size 16204M (AvailPageFile size 227M)
current process WorkingSet (physical memory assigned to process): 11M, peak: 11M
current process commit charge ("private bytes"): 60M, peak: 314M

vm_info: OpenJDK 64-Bit Server VM (21+35-2513) for windows-amd64 JRE (21+35-2513), built on 2023-08-09T20:25:10Z by "mach5one" with MS VC++ 17.1 (VS2022)

END.
